#
# There is insufficient memory for the Java Runtime Environment to continue.
# Native memory allocation (malloc) failed to allocate 32784 bytes for Chunk::new
# Possible reasons:
#   The system is out of physical RAM or swap space
#   In 32 bit mode, the process size limit was hit
# Possible solutions:
#   Reduce memory load on the system
#   Increase physical memory or swap space
#   Check if swap backing store is full
#   Use 64 bit Java on a 64 bit OS
#   Decrease Java heap size (-Xmx/-Xms)
#   Decrease number of Java threads
#   Decrease Java thread stack sizes (-Xss)
#   Set larger code cache with -XX:ReservedCodeCacheSize=
# This output file may be truncated or incomplete.
#
#  Out of Memory Error (allocation.cpp:390), pid=13168, tid=9896
#
# JRE version: Java(TM) SE Runtime Environment (8.0_91-b14) (build 1.8.0_91-b14)
# Java VM: Java HotSpot(TM) 64-Bit Server VM (25.91-b14 mixed mode windows-amd64 compressed oops)
# Failed to write core dump. Minidumps are not enabled by default on client versions of Windows
#

---------------  T H R E A D  ---------------

Current thread (0x0000000014abe000):  JavaThread "C2 CompilerThread0" daemon [_thread_in_native, id=9896, stack(0x0000000016050000,0x0000000016150000)]

Stack: [0x0000000016050000,0x0000000016150000]
[error occurred during error reporting (printing stack bounds), id 0xc0000005]

Native frames: (J=compiled Java code, j=interpreted, Vv=VM code, C=native code)


Current CompileTask:
C2:   3394 1215       4       com.android.dx.ssa.SsaMethod::deleteInsns (239 bytes)


---------------  P R O C E S S  ---------------

Java Threads: ( => current thread )
  0x0000000016531800 JavaThread "pool-2-thread-4" [_thread_in_vm, id=7852, stack(0x0000000016d50000,0x0000000016e50000)]
  0x0000000016531000 JavaThread "pool-2-thread-3" [_thread_blocked, id=11828, stack(0x0000000016c50000,0x0000000016d50000)]
  0x0000000016530000 JavaThread "pool-2-thread-2" [_thread_in_Java, id=7784, stack(0x0000000016b50000,0x0000000016c50000)]
  0x00000000164a9800 JavaThread "pool-3-thread-1" [_thread_blocked, id=11568, stack(0x0000000016a50000,0x0000000016b50000)]
  0x00000000164a9000 JavaThread "pool-2-thread-1" [_thread_blocked, id=8416, stack(0x0000000016950000,0x0000000016a50000)]
  0x0000000014b1b800 JavaThread "Service Thread" daemon [_thread_blocked, id=11824, stack(0x0000000016750000,0x0000000016850000)]
  0x0000000016258800 JavaThread "C1 CompilerThread2" daemon [_thread_in_native, id=1272, stack(0x0000000016650000,0x0000000016750000)]
  0x0000000014b02800 JavaThread "C2 CompilerThread1" daemon [_thread_in_native, id=8236, stack(0x0000000016150000,0x0000000016250000)]
=>0x0000000014abe000 JavaThread "C2 CompilerThread0" daemon [_thread_in_native, id=9896, stack(0x0000000016050000,0x0000000016150000)]
  0x0000000014abc000 JavaThread "Attach Listener" daemon [_thread_blocked, id=12860, stack(0x0000000015f50000,0x0000000016050000)]
  0x0000000014abb000 JavaThread "Signal Dispatcher" daemon [_thread_blocked, id=9992, stack(0x0000000015e50000,0x0000000015f50000)]
  0x00000000023e5800 JavaThread "Finalizer" daemon [_thread_blocked, id=14996, stack(0x0000000015d50000,0x0000000015e50000)]
  0x00000000023e0800 JavaThread "Reference Handler" daemon [_thread_blocked, id=12676, stack(0x0000000015c50000,0x0000000015d50000)]
  0x00000000021ee800 JavaThread "main" [_thread_blocked, id=1208, stack(0x0000000002000000,0x0000000002100000)]

Other Threads:
  0x0000000014a88000 VMThread [stack: 0x0000000015b50000,0x0000000015c50000] [id=15068]
  0x000000001625a800 WatcherThread [stack: 0x0000000016850000,0x0000000016950000] [id=6752]

VM state:not at safepoint (normal execution)

VM Mutex/Monitor currently owned by a thread: None

Heap:
 PSYoungGen      total 38400K, used 31966K [0x00000000eab00000, 0x00000000ed580000, 0x0000000100000000)
  eden space 33280K, 96% used [0x00000000eab00000,0x00000000eca37be8,0x00000000ecb80000)
  from space 5120K, 0% used [0x00000000ed080000,0x00000000ed080000,0x00000000ed580000)
  to   space 5120K, 0% used [0x00000000ecb80000,0x00000000ecb80000,0x00000000ed080000)
 ParOldGen       total 87552K, used 0K [0x00000000c0000000, 0x00000000c5580000, 0x00000000eab00000)
  object space 87552K, 0% used [0x00000000c0000000,0x00000000c0000000,0x00000000c5580000)
 Metaspace       used 6006K, capacity 6896K, committed 7040K, reserved 1056768K
  class space    used 601K, capacity 616K, committed 640K, reserved 1048576K

Card table byte_map: [0x00000000117b0000,0x00000000119c0000] byte_map_base: 0x00000000111b0000

Marking Bits: (ParMarkBitMap*) 0x0000000076592f70
 Begin Bits: [0x0000000011f20000, 0x0000000012f20000)
 End Bits:   [0x0000000012f20000, 0x0000000013f20000)

Polling page: 0x0000000000580000

CodeCache: size=245760Kb used=4959Kb max_used=4959Kb free=240801Kb
 bounds [0x00000000023f0000, 0x00000000028d0000, 0x00000000113f0000]
 total_blobs=1503 nmethods=1233 adapters=182
 compilation: enabled

Compilation events (10 events):
Event: 3.387 Thread 0x0000000016258800 nmethod 1233 0x00000000028c1e50 code [0x00000000028c1fc0, 0x00000000028c2208]
Event: 3.388 Thread 0x0000000016258800 1235       3       com.android.dx.dex.file.ValueEncoder::addContents (75 bytes)
Event: 3.388 Thread 0x0000000016258800 nmethod 1235 0x00000000028c6310 code [0x00000000028c6500, 0x00000000028c7128]
Event: 3.389 Thread 0x0000000016258800 1236  s    3       com.android.dx.dex.file.TypeIdsSection::intern (60 bytes)
Event: 3.389 Thread 0x0000000016258800 nmethod 1236 0x00000000028c7490 code [0x00000000028c76c0, 0x00000000028c8388]
Event: 3.389 Thread 0x0000000016258800 1237       3       com.android.dx.ssa.SCCP::replaceConstants (209 bytes)
Event: 3.391 Thread 0x0000000016258800 nmethod 1237 0x00000000028c8a10 code [0x00000000028c8d20, 0x00000000028ca878]
Event: 3.391 Thread 0x0000000016258800 1239       3       com.android.dx.ssa.DomFront::<init> (60 bytes)
Event: 3.391 Thread 0x0000000016258800 nmethod 1239 0x00000000028c1390 code [0x00000000028c1520, 0x00000000028c1b70]
Event: 3.391 Thread 0x0000000016258800 1240       3       com.android.dx.ssa.DomFront::run (264 bytes)

GC Heap History (0 events):
No events

Deoptimization events (7 events):
Event: 2.818 Thread 0x0000000016530000 Uncommon trap: reason=unstable_if action=reinterpret pc=0x000000000260e184 method=java.util.HashMap.getNode(ILjava/lang/Object;)Ljava/util/HashMap$Node; @ 62
Event: 2.987 Thread 0x0000000016531000 Uncommon trap: reason=unstable_if action=reinterpret pc=0x000000000261a69c method=com.android.dx.rop.code.RegisterSpec.equals(ILcom/android/dx/rop/type/TypeBearer;Lcom/android/dx/rop/code/LocalItem;)Z @ 16
Event: 3.168 Thread 0x00000000021ee800 Uncommon trap: reason=class_check action=maybe_recompile pc=0x00000000026810a8 method=com.android.dx.ssa.NormalSsaInsn.accept(Lcom/android/dx/ssa/SsaInsn$Visitor;)V @ 9
Event: 3.168 Thread 0x00000000021ee800 Uncommon trap: reason=class_check action=maybe_recompile pc=0x00000000026810a8 method=com.android.dx.ssa.NormalSsaInsn.accept(Lcom/android/dx/ssa/SsaInsn$Visitor;)V @ 9
Event: 3.168 Thread 0x00000000021ee800 Uncommon trap: reason=class_check action=maybe_recompile pc=0x00000000026810a8 method=com.android.dx.ssa.NormalSsaInsn.accept(Lcom/android/dx/ssa/SsaInsn$Visitor;)V @ 9
Event: 3.169 Thread 0x00000000021ee800 Uncommon trap: reason=class_check action=maybe_recompile pc=0x00000000026810a8 method=com.android.dx.ssa.NormalSsaInsn.accept(Lcom/android/dx/ssa/SsaInsn$Visitor;)V @ 9
Event: 3.170 Thread 0x00000000021ee800 Uncommon trap: reason=class_check action=maybe_recompile pc=0x00000000026137f0 method=com.android.dx.ssa.NormalSsaInsn.accept(Lcom/android/dx/ssa/SsaInsn$Visitor;)V @ 9

Internal exceptions (2 events):
Event: 1.920 Thread 0x00000000021ee800 Exception <a 'java/lang/NoSuchMethodError': Method sun.misc.Unsafe.defineClass(Ljava/lang/String;[BII)Ljava/lang/Class; name or signature does not match> (0x00000000eab07cc0) thrown at [C:\re\workspace\8-2-build-windows-amd64-cygwin\jdk8u91\6644\hotspot\sr´b€ã¶þ?
Event: 1.920 Thread 0x00000000021ee800 Exception <a 'java/lang/NoSuchMethodError': Method sun.misc.Unsafe.prefetchRead(Ljava/lang/Object;J)V name or signature does not match> (0x00000000eab07fa8) thrown at [C:\re\workspace\8-2-build-windows-amd64-cygwin\jdk8u91\6644\hotspot\src\share\vm\prims\j

Events (10 events):
Event: 3.170 Thread 0x00000000021ee800 DEOPT PACKING pc=0x00000000026137f0 sp=0x00000000020fe3e0
Event: 3.170 Thread 0x00000000021ee800 DEOPT UNPACKING pc=0x000000000243582a sp=0x00000000020fe380 mode 2
Event: 3.294 loading class com/android/dx/cf/attrib/AttRuntimeVisibleAnnotations
Event: 3.294 loading class com/android/dx/cf/attrib/AttRuntimeVisibleAnnotations done
Event: 3.299 loading class com/android/dx/cf/attrib/AttExceptions
Event: 3.299 loading class com/android/dx/cf/attrib/AttExceptions done
Event: 3.323 Executing VM operation: ForceSafepoint
Event: 3.360 Executing VM operation: ForceSafepoint done
Event: 3.379 Thread 0x00000000164a9000 DEOPT PACKING pc=0x0000000002658725 sp=0x0000000016a4e910
Event: 3.379 Thread 0x00000000164a9000 DEOPT UNPACKING pc=0x000000000243787f sp=0x0000000016a4e700 mode 0


Dynamic libraries:
0x00007ff687420000 - 0x00007ff687457000 	C:\Program Files\Java\jdk1.8.0_91\bin\java.exe
0x00007fffcbe70000 - 0x00007fffcc031000 	C:\WINDOWS\SYSTEM32\ntdll.dll
0x00007fffc9c00000 - 0x00007fffc9cad000 	C:\WINDOWS\system32\KERNEL32.DLL
0x00007fffc8570000 - 0x00007fffc8758000 	C:\WINDOWS\system32\KERNELBASE.dll
0x00007fffcb6b0000 - 0x00007fffcb757000 	C:\WINDOWS\system32\ADVAPI32.dll
0x00007fffc9a10000 - 0x00007fffc9aad000 	C:\WINDOWS\system32\msvcrt.dll
0x00007fffc99b0000 - 0x00007fffc9a0b000 	C:\WINDOWS\system32\sechost.dll
0x00007fffcba70000 - 0x00007fffcbb8c000 	C:\WINDOWS\system32\RPCRT4.dll
0x00007fffcb910000 - 0x00007fffcba66000 	C:\WINDOWS\system32\USER32.dll
0x00007fffc9820000 - 0x00007fffc99a6000 	C:\WINDOWS\system32\GDI32.dll
0x00007fffbaed0000 - 0x00007fffbb144000 	C:\WINDOWS\WinSxS\amd64_microsoft.windows.common-controls_6595b64144ccf1df_6.0.10586.494_none_a2d8b04ea53e3145\COMCTL32.dll
0x00007fffcbb90000 - 0x00007fffcbe0d000 	C:\WINDOWS\system32\combase.dll
0x00007fffc9170000 - 0x00007fffc91da000 	C:\WINDOWS\system32\bcryptPrimitives.dll
0x00007fffc9dd0000 - 0x00007fffc9e0b000 	C:\WINDOWS\system32\IMM32.DLL
0x0000000075430000 - 0x0000000075502000 	C:\Program Files\Java\jdk1.8.0_91\jre\bin\msvcr100.dll
0x0000000075d80000 - 0x0000000076613000 	C:\Program Files\Java\jdk1.8.0_91\jre\bin\server\jvm.dll
0x00007fffcb6a0000 - 0x00007fffcb6a8000 	C:\WINDOWS\system32\PSAPI.DLL
0x00007fffb72e0000 - 0x00007fffb72e9000 	C:\WINDOWS\SYSTEM32\WSOCK32.dll
0x00007fffc9d60000 - 0x00007fffc9dcb000 	C:\WINDOWS\system32\WS2_32.dll
0x00007fffc6710000 - 0x00007fffc6733000 	C:\WINDOWS\SYSTEM32\WINMM.dll
0x00007fffbb630000 - 0x00007fffbb63a000 	C:\WINDOWS\SYSTEM32\VERSION.dll
0x00007fffc66b0000 - 0x00007fffc66dc000 	C:\WINDOWS\SYSTEM32\WINMMBASE.dll
0x00007fffc8520000 - 0x00007fffc8563000 	C:\WINDOWS\system32\cfgmgr32.dll
0x0000000076cf0000 - 0x0000000076cff000 	C:\Program Files\Java\jdk1.8.0_91\jre\bin\verify.dll
0x0000000075d50000 - 0x0000000075d79000 	C:\Program Files\Java\jdk1.8.0_91\jre\bin\java.dll
0x0000000075d30000 - 0x0000000075d46000 	C:\Program Files\Java\jdk1.8.0_91\jre\bin\zip.dll
0x00007fffca050000 - 0x00007fffcb5ac000 	C:\WINDOWS\system32\SHELL32.dll
0x00007fffc8b20000 - 0x00007fffc9165000 	C:\WINDOWS\system32\windows.storage.dll
0x00007fffc96a0000 - 0x00007fffc96f2000 	C:\WINDOWS\system32\shlwapi.dll
0x00007fffc84c0000 - 0x00007fffc84cf000 	C:\WINDOWS\system32\kernel.appcore.dll
0x00007fffc8a60000 - 0x00007fffc8b15000 	C:\WINDOWS\system32\shcore.dll
0x00007fffc84d0000 - 0x00007fffc851b000 	C:\WINDOWS\system32\powrprof.dll
0x00007fffc84a0000 - 0x00007fffc84b4000 	C:\WINDOWS\system32\profapi.dll

VM Arguments:
jvm_args: -Djava.awt.headless=true -Xmx1024M -Dfile.encoding=windows-1252 -Duser.country=US -Duser.language=en -Duser.variant 
java_command: com.android.dx.command.Main --dex --force-jumbo --num-threads=4 --multi-dex --output C:\ESD\AndroidAppProjects\ChooseANicePhoto\app\build\intermediates\transforms\dex\debug\folders\1000\10\com.android.support-support-media-compat-24.2.0_9014404d5487ca4a1537d74dbaf8c3542b5d18e5 C:\ESD\AndroidAppProjects\ChooseANicePhoto\app\build\intermediates\exploded-aar\com.android.support\support-media-compat\24.2.0\jars\classes.jar
java_class_path (initial): C:\Users\Michael\AppData\Local\Android\sdk\build-tools\24.0.1\lib\dx.jar
Launcher Type: SUN_STANDARD

Environment Variables:
JAVA_HOME=C:\Program Files\Java\jdk1.8.0_91
PATH=C:\ProgramData\Oracle\Java\javapath;C:\Program Files\ImageMagick-6.9.3-Q16;C:\Program Files (x86)\Intel\iCLS Client\;C:\Program Files\Intel\iCLS Client\;C:\WINDOWS\system32;C:\WINDOWS;C:\WINDOWS\System32\Wbem;C:\WINDOWS\System32\WindowsPowerShell\v1.0\;C:\Program Files (x86)\Intel\Intel(R) Management Engine Components\DAL;C:\Program Files\Intel\Intel(R) Management Engine Components\DAL;C:\Program Files (x86)\Intel\Intel(R) Management Engine Components\IPT;C:\Program Files\Intel\Intel(R) Management Engine Components\IPT;C:\WINDOWS\system32\config\systemprofile\.dnx\bin;C:\Program Files\Microsoft DNX\Dnvm\;c:\Program Files\Intel\WiFi\bin\;c:\Program Files\Common Files\Intel\WirelessCommon\;C:\Program Files (x86)\Skype\Phone\;C:\Program Files (x86)\GtkSharp\2.12\bin;C:\Program Files\Java\jdk1.8.0_91\bin;C:\Program Files (x86)\Brackets\command;C:\Program Files\Git\cmd;C:\Program Files\Microsoft SQL Server\110\Tools\Binn\;C:\Program Files (x86)\Microsoft SDKs\TypeScript\1.0\;C:\Program Files\Microsoft SQL Server\120\Tools\Binn\;C:\Program Files (x86)\Microsoft SQL Server\Client SDK\ODBC\130\Tools\Binn\;C:\Program Files (x86)\Microsoft SQL Server\130\Tools\Binn\;C:\Program Files (x86)\Microsoft SQL Server\130\DTS\Binn\;C:\Program Files (x86)\Microsoft SQL Server\130\Tools\Binn\ManagementStudio\;C:\Program Files\Microsoft SQL Server\Client SDK\ODBC\130\Tools\Binn\;C:\Program Files\Microsoft SQL Server\130\Tools\Binn\;C:\Program Files\Microsoft SQL Server\130\DTS\Binn\;C:\Program Files (x86)\SSH Communications Security\SSH Secure Shell;c:\Program Files\Intel\WiFi\bin\;c:\Program Files\Common Files\Intel\WirelessCommon\;C:\Program Files (x86)\Java\jre1.8.0_91/bin
USERNAME=Michael
OS=Windows_NT
PROCESSOR_IDENTIFIER=Intel64 Family 6 Model 61 Stepping 4, GenuineIntel



---------------  S Y S T E M  ---------------

OS: Windows 10.0 , 64 bit Build 10586 (10.0.10586.0)

CPU:total 4 (2 cores per cpu, 2 threads per core) family 6 model 61 stepping 4, cmov, cx8, fxsr, mmx, sse, sse2, sse3, ssse3, sse4.1, sse4.2, popcnt, avx, avx2, aes, clmul, erms, 3dnowpref, lzcnt, ht, tsc, tscinvbit, bmi1, bmi2, adx

Memory: 4k page, physical 8293924k(1248940k free), swap 12494344k(5128k free)

vm_info: Java HotSpot(TM) 64-Bit Server VM (25.91-b14) for windows-amd64 JRE (1.8.0_91-b14), built on Apr  1 2016 00:58:32 by "java_re" with MS VC++ 10.0 (VS2010)

time: Thu Sep 08 01:10:29 2016
elapsed time: 3 seconds (0d 0h 0m 3s)

