#
# There is insufficient memory for the Java Runtime Environment to continue.
# Native memory allocation (malloc) failed to allocate 1048576 bytes for AllocateHeap
# Possible reasons:
#   The system is out of physical RAM or swap space
#   In 32 bit mode, the process size limit was hit
# Possible solutions:
#   Reduce memory load on the system
#   Increase physical memory or swap space
#   Check if swap backing store is full
#   Use 64 bit Java on a 64 bit OS
#   Decrease Java heap size (-Xmx/-Xms)
#   Decrease number of Java threads
#   Decrease Java thread stack sizes (-Xss)
#   Set larger code cache with -XX:ReservedCodeCacheSize=
# This output file may be truncated or incomplete.
#
#  Out of Memory Error (memory/allocation.inline.hpp:61), pid=7808, tid=11164
#
# JRE version:  (8.0_91-b14) (build )
# Java VM: Java HotSpot(TM) 64-Bit Server VM (25.91-b14 mixed mode windows-amd64 compressed oops)
# Failed to write core dump. Minidumps are not enabled by default on client versions of Windows
#

---------------  T H R E A D  ---------------

Current thread (0x0000000000b7e800):  JavaThread "Unknown thread" [_thread_in_vm, id=11164, stack(0x00000000022b0000,0x00000000023b0000)]

Stack: [0x00000000022b0000,0x00000000023b0000]
[error occurred during error reporting (printing stack bounds), id 0xc0000005]

Native frames: (J=compiled Java code, j=interpreted, Vv=VM code, C=native code)


---------------  P R O C E S S  ---------------

Java Threads: ( => current thread )

Other Threads:

=>0x0000000000b7e800 (exited) JavaThread "Unknown thread" [_thread_in_vm, id=11164, stack(0x00000000022b0000,0x00000000023b0000)]

VM state:not at safepoint (normal execution)

VM Mutex/Monitor currently owned by a thread: None

Heap:
 PSYoungGen      total 38400K, used 665K [0x00000000eab00000, 0x00000000ed580000, 0x0000000100000000)
  eden space 33280K, 2% used [0x00000000eab00000,0x00000000eaba6670,0x00000000ecb80000)
  from space 5120K, 0% used [0x00000000ed080000,0x00000000ed080000,0x00000000ed580000)
  to   space 5120K, 0% used [0x00000000ecb80000,0x00000000ecb80000,0x00000000ed080000)
 ParOldGen       total 87552K, used 0K [0x00000000c0000000, 0x00000000c5580000, 0x00000000eab00000)
  object space 87552K, 0% used [0x00000000c0000000,0x00000000c0000000,0x00000000c5580000)
 Metaspace       used 769K, capacity 4480K, committed 4480K, reserved 1056768K
  class space    used 75K, capacity 384K, committed 384K, reserved 1048576K

Card table byte_map: [0x0000000011970000,0x0000000011b80000] byte_map_base: 0x0000000011370000

Marking Bits: (ParMarkBitMap*) 0x0000000076592f70
 Begin Bits: [0x00000000120e0000, 0x00000000130e0000)
 End Bits:   [0x00000000130e0000, 0x00000000140e0000)

Polling page: 0x00000000007f0000

CodeCache: size=245760Kb used=328Kb max_used=328Kb free=245431Kb
 bounds [0x00000000025b0000, 0x0000000002820000, 0x00000000115b0000]
 total_blobs=58 nmethods=0 adapters=38
 compilation: enabled

Compilation events (0 events):
No events

GC Heap History (0 events):
No events

Deoptimization events (0 events):
No events

Internal exceptions (0 events):
No events

Events (10 events):
Event: 0.584 loading class java/lang/Short
Event: 0.584 loading class java/lang/Short done
Event: 0.584 loading class java/lang/Integer
Event: 0.585 loading class java/lang/Integer done
Event: 0.585 loading class java/lang/Long
Event: 0.585 loading class java/lang/Long done
Event: 0.586 loading class java/lang/NullPointerException
Event: 0.586 loading class java/lang/NullPointerException done
Event: 0.586 loading class java/lang/ArithmeticException
Event: 0.586 loading class java/lang/ArithmeticException done


Dynamic libraries:
0x00007ff687420000 - 0x00007ff687457000 	C:\Program Files\Java\jdk1.8.0_91\bin\java.exe
0x00007fffcbe70000 - 0x00007fffcc031000 	C:\WINDOWS\SYSTEM32\ntdll.dll
0x00007fffc9c00000 - 0x00007fffc9cad000 	C:\WINDOWS\system32\KERNEL32.DLL
0x00007fffc8570000 - 0x00007fffc8758000 	C:\WINDOWS\system32\KERNELBASE.dll
0x00007fffcb6b0000 - 0x00007fffcb757000 	C:\WINDOWS\system32\ADVAPI32.dll
0x00007fffc9a10000 - 0x00007fffc9aad000 	C:\WINDOWS\system32\msvcrt.dll
0x00007fffc99b0000 - 0x00007fffc9a0b000 	C:\WINDOWS\system32\sechost.dll
0x00007fffcba70000 - 0x00007fffcbb8c000 	C:\WINDOWS\system32\RPCRT4.dll
0x00007fffcb910000 - 0x00007fffcba66000 	C:\WINDOWS\system32\USER32.dll
0x00007fffc9820000 - 0x00007fffc99a6000 	C:\WINDOWS\system32\GDI32.dll
0x00007fffbaed0000 - 0x00007fffbb144000 	C:\WINDOWS\WinSxS\amd64_microsoft.windows.common-controls_6595b64144ccf1df_6.0.10586.494_none_a2d8b04ea53e3145\COMCTL32.dll
0x00007fffcbb90000 - 0x00007fffcbe0d000 	C:\WINDOWS\system32\combase.dll
0x00007fffc9170000 - 0x00007fffc91da000 	C:\WINDOWS\system32\bcryptPrimitives.dll
0x00007fffc9dd0000 - 0x00007fffc9e0b000 	C:\WINDOWS\system32\IMM32.DLL
0x0000000075430000 - 0x0000000075502000 	C:\Program Files\Java\jdk1.8.0_91\jre\bin\msvcr100.dll
0x0000000075d80000 - 0x0000000076613000 	C:\Program Files\Java\jdk1.8.0_91\jre\bin\server\jvm.dll
0x00007fffcb6a0000 - 0x00007fffcb6a8000 	C:\WINDOWS\system32\PSAPI.DLL
0x00007fffb72e0000 - 0x00007fffb72e9000 	C:\WINDOWS\SYSTEM32\WSOCK32.dll
0x00007fffc9d60000 - 0x00007fffc9dcb000 	C:\WINDOWS\system32\WS2_32.dll
0x00007fffc6710000 - 0x00007fffc6733000 	C:\WINDOWS\SYSTEM32\WINMM.dll
0x00007fffbb630000 - 0x00007fffbb63a000 	C:\WINDOWS\SYSTEM32\VERSION.dll
0x00007fffc66b0000 - 0x00007fffc66dc000 	C:\WINDOWS\SYSTEM32\WINMMBASE.dll
0x00007fffc8520000 - 0x00007fffc8563000 	C:\WINDOWS\system32\cfgmgr32.dll
0x0000000076cf0000 - 0x0000000076cff000 	C:\Program Files\Java\jdk1.8.0_91\jre\bin\verify.dll
0x0000000075d50000 - 0x0000000075d79000 	C:\Program Files\Java\jdk1.8.0_91\jre\bin\java.dll
0x0000000075d30000 - 0x0000000075d46000 	C:\Program Files\Java\jdk1.8.0_91\jre\bin\zip.dll

VM Arguments:
jvm_args: -Djava.awt.headless=true -Xmx1024M -Dfile.encoding=windows-1252 -Duser.country=US -Duser.language=en -Duser.variant 
java_command: com.android.dx.command.Main --dex --force-jumbo --num-threads=4 --multi-dex --output C:\ESD\AndroidAppProjects\ChooseANicePhoto\app\build\intermediates\transforms\dex\debug\folders\1000\10\internal_impl-24.2.0_14be85e02796404f0a17b8bb66f05cbad2d33a9e C:\ESD\AndroidAppProjects\ChooseANicePhoto\app\build\intermediates\exploded-aar\com.android.support\support-fragment\24.2.0\jars\libs\internal_impl-24.2.0.jar
java_class_path (initial): C:\Users\Michael\AppData\Local\Android\sdk\build-tools\24.0.1\lib\dx.jar
Launcher Type: SUN_STANDARD

Environment Variables:
JAVA_HOME=C:\Program Files\Java\jdk1.8.0_91
PATH=C:\ProgramData\Oracle\Java\javapath;C:\Program Files\ImageMagick-6.9.3-Q16;C:\Program Files (x86)\Intel\iCLS Client\;C:\Program Files\Intel\iCLS Client\;C:\WINDOWS\system32;C:\WINDOWS;C:\WINDOWS\System32\Wbem;C:\WINDOWS\System32\WindowsPowerShell\v1.0\;C:\Program Files (x86)\Intel\Intel(R) Management Engine Components\DAL;C:\Program Files\Intel\Intel(R) Management Engine Components\DAL;C:\Program Files (x86)\Intel\Intel(R) Management Engine Components\IPT;C:\Program Files\Intel\Intel(R) Management Engine Components\IPT;C:\WINDOWS\system32\config\systemprofile\.dnx\bin;C:\Program Files\Microsoft DNX\Dnvm\;c:\Program Files\Intel\WiFi\bin\;c:\Program Files\Common Files\Intel\WirelessCommon\;C:\Program Files (x86)\Skype\Phone\;C:\Program Files (x86)\GtkSharp\2.12\bin;C:\Program Files\Java\jdk1.8.0_91\bin;C:\Program Files (x86)\Brackets\command;C:\Program Files\Git\cmd;C:\Program Files\Microsoft SQL Server\110\Tools\Binn\;C:\Program Files (x86)\Microsoft SDKs\TypeScript\1.0\;C:\Program Files\Microsoft SQL Server\120\Tools\Binn\;C:\Program Files (x86)\Microsoft SQL Server\Client SDK\ODBC\130\Tools\Binn\;C:\Program Files (x86)\Microsoft SQL Server\130\Tools\Binn\;C:\Program Files (x86)\Microsoft SQL Server\130\DTS\Binn\;C:\Program Files (x86)\Microsoft SQL Server\130\Tools\Binn\ManagementStudio\;C:\Program Files\Microsoft SQL Server\Client SDK\ODBC\130\Tools\Binn\;C:\Program Files\Microsoft SQL Server\130\Tools\Binn\;C:\Program Files\Microsoft SQL Server\130\DTS\Binn\;C:\Program Files (x86)\SSH Communications Security\SSH Secure Shell;c:\Program Files\Intel\WiFi\bin\;c:\Program Files\Common Files\Intel\WirelessCommon\;C:\Program Files (x86)\Java\jre1.8.0_91/bin
USERNAME=Michael
OS=Windows_NT
PROCESSOR_IDENTIFIER=Intel64 Family 6 Model 61 Stepping 4, GenuineIntel



---------------  S Y S T E M  ---------------

OS: Windows 10.0 , 64 bit Build 10586 (10.0.10586.0)

CPU:total 4 (2 cores per cpu, 2 threads per core) family 6 model 61 stepping 4, cmov, cx8, fxsr, mmx, sse, sse2, sse3, ssse3, sse4.1, sse4.2, popcnt, avx, avx2, aes, clmul, erms, 3dnowpref, lzcnt, ht, tsc, tscinvbit, bmi1, bmi2, adx

Memory: 4k page, physical 8293924k(1239140k free), swap 12494344k(3028k free)

vm_info: Java HotSpot(TM) 64-Bit Server VM (25.91-b14) for windows-amd64 JRE (1.8.0_91-b14), built on Apr  1 2016 00:58:32 by "java_re" with MS VC++ 10.0 (VS2010)

time: Thu Sep 08 01:10:29 2016
elapsed time: 0 seconds (0d 0h 0m 0s)

