#
# There is insufficient memory for the Java Runtime Environment to continue.
# Native memory allocation (malloc) failed to allocate 1642656 bytes for Chunk::new
# Possible reasons:
#   The system is out of physical RAM or swap space
#   In 32 bit mode, the process size limit was hit
# Possible solutions:
#   Reduce memory load on the system
#   Increase physical memory or swap space
#   Check if swap backing store is full
#   Use 64 bit Java on a 64 bit OS
#   Decrease Java heap size (-Xmx/-Xms)
#   Decrease number of Java threads
#   Decrease Java thread stack sizes (-Xss)
#   Set larger code cache with -XX:ReservedCodeCacheSize=
# This output file may be truncated or incomplete.
#
#  Out of Memory Error (allocation.cpp:390), pid=5284, tid=8044
#
# JRE version: Java(TM) SE Runtime Environment (8.0_91-b14) (build 1.8.0_91-b14)
# Java VM: Java HotSpot(TM) 64-Bit Server VM (25.91-b14 mixed mode windows-amd64 compressed oops)
# Failed to write core dump. Minidumps are not enabled by default on client versions of Windows
#

---------------  T H R E A D  ---------------

Current thread (0x000000001598a800):  JavaThread "C2 CompilerThread1" daemon [_thread_in_native, id=8044, stack(0x0000000017070000,0x0000000017170000)]

Stack: [0x0000000017070000,0x0000000017170000]
[error occurred during error reporting (printing stack bounds), id 0xc0000005]

Native frames: (J=compiled Java code, j=interpreted, Vv=VM code, C=native code)


Current CompileTask:
C2:   8416 1949   !   4       com.android.dx.cf.code.Ropper::processBlock (1101 bytes)


---------------  P R O C E S S  ---------------

Java Threads: ( => current thread )
  0x00000000173eb000 JavaThread "pool-2-thread-4" [_thread_blocked, id=12132, stack(0x0000000017c70000,0x0000000017d70000)]
  0x00000000173ea800 JavaThread "pool-2-thread-3" [_thread_in_Java, id=3780, stack(0x0000000017b70000,0x0000000017c70000)]
  0x00000000173e6800 JavaThread "pool-2-thread-2" [_thread_blocked, id=1040, stack(0x0000000017a70000,0x0000000017b70000)]
  0x00000000173e4000 JavaThread "pool-3-thread-1" [_thread_blocked, id=8284, stack(0x0000000017970000,0x0000000017a70000)]
  0x00000000173e3000 JavaThread "pool-2-thread-1" [_thread_in_Java, id=7732, stack(0x0000000017870000,0x0000000017970000)]
  0x0000000017173000 JavaThread "Service Thread" daemon [_thread_blocked, id=6324, stack(0x0000000017670000,0x0000000017770000)]
  0x0000000017170800 JavaThread "C1 CompilerThread2" daemon [_thread_blocked, id=13232, stack(0x0000000017570000,0x0000000017670000)]
=>0x000000001598a800 JavaThread "C2 CompilerThread1" daemon [_thread_in_native, id=8044, stack(0x0000000017070000,0x0000000017170000)]
  0x000000001592e000 JavaThread "C2 CompilerThread0" daemon [_thread_in_native, id=14016, stack(0x0000000016f70000,0x0000000017070000)]
  0x000000001592c000 JavaThread "Attach Listener" daemon [_thread_blocked, id=496, stack(0x0000000016e70000,0x0000000016f70000)]
  0x000000001592b000 JavaThread "Signal Dispatcher" daemon [_thread_blocked, id=10504, stack(0x0000000016d70000,0x0000000016e70000)]
  0x0000000003255800 JavaThread "Finalizer" daemon [_thread_blocked, id=3360, stack(0x0000000016b90000,0x0000000016c90000)]
  0x0000000003250800 JavaThread "Reference Handler" daemon [_thread_blocked, id=3904, stack(0x0000000016a90000,0x0000000016b90000)]
  0x000000000300e800 JavaThread "main" [_thread_in_Java, id=14916, stack(0x0000000002e70000,0x0000000002f70000)]

Other Threads:
  0x00000000158f8000 VMThread [stack: 0x0000000016990000,0x0000000016a90000] [id=12104]
  0x000000001717b000 WatcherThread [stack: 0x0000000017770000,0x0000000017870000] [id=12432]

VM state:not at safepoint (normal execution)

VM Mutex/Monitor currently owned by a thread: None

Heap:
 PSYoungGen      total 147456K, used 27839K [0x00000000eab00000, 0x00000000f4f00000, 0x0000000100000000)
  eden space 131584K, 10% used [0x00000000eab00000,0x00000000eb844340,0x00000000f2b80000)
  from space 15872K, 89% used [0x00000000f3c80000,0x00000000f4a6bbb8,0x00000000f4c00000)
  to   space 17408K, 0% used [0x00000000f2b80000,0x00000000f2b80000,0x00000000f3c80000)
 ParOldGen       total 87552K, used 25550K [0x00000000c0000000, 0x00000000c5580000, 0x00000000eab00000)
  object space 87552K, 29% used [0x00000000c0000000,0x00000000c18f38a8,0x00000000c5580000)
 Metaspace       used 6461K, capacity 7192K, committed 7424K, reserved 1056768K
  class space    used 625K, capacity 656K, committed 768K, reserved 1048576K

Card table byte_map: [0x0000000012620000,0x0000000012830000] byte_map_base: 0x0000000012020000

Marking Bits: (ParMarkBitMap*) 0x0000000076592f70
 Begin Bits: [0x0000000012d90000, 0x0000000013d90000)
 End Bits:   [0x0000000013d90000, 0x0000000014d90000)

Polling page: 0x0000000001690000

CodeCache: size=245760Kb used=7948Kb max_used=7952Kb free=237811Kb
 bounds [0x0000000003260000, 0x0000000003a30000, 0x0000000012260000]
 total_blobs=2191 nmethods=1921 adapters=182
 compilation: enabled

Compilation events (10 events):
Event: 8.334 Thread 0x000000001592e000 nmethod 1917 0x0000000003a0c950 code [0x0000000003a0caa0, 0x0000000003a0cbf8]
Event: 8.377 Thread 0x000000001592e000 1979       4       com.android.dx.cf.code.ExecutionStack::copy (59 bytes)
Event: 8.382 Thread 0x000000001592e000 nmethod 1979 0x0000000003a1e9d0 code [0x0000000003a1eb40, 0x0000000003a1efb8]
Event: 8.382 Thread 0x000000001592e000 1980 %     4       com.android.dx.ssa.ConstCollector::updateConstUses @ 20 (248 bytes)
Event: 8.408 Thread 0x0000000017170800 1982   !   3       com.android.dx.rop.code.RegisterSpec::intern (70 bytes)
Event: 8.409 Thread 0x0000000017170800 nmethod 1982 0x0000000003a1f710 code [0x0000000003a1f940, 0x0000000003a20608]
Event: 8.412 Thread 0x0000000017170800 1993       2       com.android.dx.dex.code.OutputFinisher::updateInfo (44 bytes)
Event: 8.412 Thread 0x0000000017170800 nmethod 1993 0x0000000003a1f210 code [0x0000000003a1f380, 0x0000000003a1f548]
Event: 8.412 Thread 0x0000000017170800 1995       2       com.android.dx.dex.file.AnnotationsDirectoryItem::setClassAnnotations (45 bytes)
Event: 8.413 Thread 0x0000000017170800 nmethod 1995 0x0000000003a1e310 code [0x0000000003a1e4a0, 0x0000000003a1e808]

GC Heap History (10 events):
Event: 5.128 GC heap before
{Heap before GC invocations=2 (full 0):
 PSYoungGen      total 38400K, used 38373K [0x00000000eab00000, 0x00000000ed580000, 0x0000000100000000)
  eden space 33280K, 100% used [0x00000000eab00000,0x00000000ecb80000,0x00000000ecb80000)
  from space 5120K, 99% used [0x00000000ecb80000,0x00000000ed079650,0x00000000ed080000)
  to   space 5120K, 0% used [0x00000000ed080000,0x00000000ed080000,0x00000000ed580000)
 ParOldGen       total 87552K, used 1007K [0x00000000c0000000, 0x00000000c5580000, 0x00000000eab00000)
  object space 87552K, 1% used [0x00000000c0000000,0x00000000c00fbf58,0x00000000c5580000)
 Metaspace       used 6189K, capacity 7090K, committed 7296K, reserved 1056768K
  class space    used 604K, capacity 618K, committed 640K, reserved 1048576K
Event: 5.144 GC heap after
Heap after GC invocations=2 (full 0):
 PSYoungGen      total 38400K, used 5094K [0x00000000eab00000, 0x00000000ed580000, 0x0000000100000000)
  eden space 33280K, 0% used [0x00000000eab00000,0x00000000eab00000,0x00000000ecb80000)
  from space 5120K, 99% used [0x00000000ed080000,0x00000000ed5798c8,0x00000000ed580000)
  to   space 5120K, 0% used [0x00000000ecb80000,0x00000000ecb80000,0x00000000ed080000)
 ParOldGen       total 87552K, used 5751K [0x00000000c0000000, 0x00000000c5580000, 0x00000000eab00000)
  object space 87552K, 6% used [0x00000000c0000000,0x00000000c059dc80,0x00000000c5580000)
 Metaspace       used 6189K, capacity 7090K, committed 7296K, reserved 1056768K
  class space    used 604K, capacity 618K, committed 640K, reserved 1048576K
}
Event: 5.485 GC heap before
{Heap before GC invocations=3 (full 0):
 PSYoungGen      total 38400K, used 38374K [0x00000000eab00000, 0x00000000ed580000, 0x0000000100000000)
  eden space 33280K, 100% used [0x00000000eab00000,0x00000000ecb80000,0x00000000ecb80000)
  from space 5120K, 99% used [0x00000000ed080000,0x00000000ed5798c8,0x00000000ed580000)
  to   space 5120K, 0% used [0x00000000ecb80000,0x00000000ecb80000,0x00000000ed080000)
 ParOldGen       total 87552K, used 5751K [0x00000000c0000000, 0x00000000c5580000, 0x00000000eab00000)
  object space 87552K, 6% used [0x00000000c0000000,0x00000000c059dc80,0x00000000c5580000)
 Metaspace       used 6251K, capacity 7090K, committed 7296K, reserved 1056768K
  class space    used 604K, capacity 618K, committed 640K, reserved 1048576K
Event: 5.516 GC heap after
Heap after GC invocations=3 (full 0):
 PSYoungGen      total 38400K, used 5094K [0x00000000eab00000, 0x00000000ef600000, 0x0000000100000000)
  eden space 33280K, 0% used [0x00000000eab00000,0x00000000eab00000,0x00000000ecb80000)
  from space 5120K, 99% used [0x00000000ecb80000,0x00000000ed0798e8,0x00000000ed080000)
  to   space 5120K, 0% used [0x00000000ef100000,0x00000000ef100000,0x00000000ef600000)
 ParOldGen       total 87552K, used 10146K [0x00000000c0000000, 0x00000000c5580000, 0x00000000eab00000)
  object space 87552K, 11% used [0x00000000c0000000,0x00000000c09e8bf0,0x00000000c5580000)
 Metaspace       used 6251K, capacity 7090K, committed 7296K, reserved 1056768K
  class space    used 604K, capacity 618K, committed 640K, reserved 1048576K
}
Event: 5.780 GC heap before
{Heap before GC invocations=4 (full 0):
 PSYoungGen      total 38400K, used 38374K [0x00000000eab00000, 0x00000000ef600000, 0x0000000100000000)
  eden space 33280K, 100% used [0x00000000eab00000,0x00000000ecb80000,0x00000000ecb80000)
  from space 5120K, 99% used [0x00000000ecb80000,0x00000000ed0798e8,0x00000000ed080000)
  to   space 5120K, 0% used [0x00000000ef100000,0x00000000ef100000,0x00000000ef600000)
 ParOldGen       total 87552K, used 10146K [0x00000000c0000000, 0x00000000c5580000, 0x00000000eab00000)
  object space 87552K, 11% used [0x00000000c0000000,0x00000000c09e8bf0,0x00000000c5580000)
 Metaspace       used 6284K, capacity 7154K, committed 7296K, reserved 1056768K
  class space    used 605K, capacity 618K, committed 640K, reserved 1048576K
Event: 5.800 GC heap after
Heap after GC invocations=4 (full 0):
 PSYoungGen      total 71680K, used 5109K [0x00000000eab00000, 0x00000000ef600000, 0x0000000100000000)
  eden space 66560K, 0% used [0x00000000eab00000,0x00000000eab00000,0x00000000eec00000)
  from space 5120K, 99% used [0x00000000ef100000,0x00000000ef5fd558,0x00000000ef600000)
  to   space 5120K, 0% used [0x00000000eec00000,0x00000000eec00000,0x00000000ef100000)
 ParOldGen       total 87552K, used 15449K [0x00000000c0000000, 0x00000000c5580000, 0x00000000eab00000)
  object space 87552K, 17% used [0x00000000c0000000,0x00000000c0f16700,0x00000000c5580000)
 Metaspace       used 6284K, capacity 7154K, committed 7296K, reserved 1056768K
  class space    used 605K, capacity 618K, committed 640K, reserved 1048576K
}
Event: 6.671 GC heap before
{Heap before GC invocations=5 (full 0):
 PSYoungGen      total 71680K, used 71669K [0x00000000eab00000, 0x00000000ef600000, 0x0000000100000000)
  eden space 66560K, 100% used [0x00000000eab00000,0x00000000eec00000,0x00000000eec00000)
  from space 5120K, 99% used [0x00000000ef100000,0x00000000ef5fd558,0x00000000ef600000)
  to   space 5120K, 0% used [0x00000000eec00000,0x00000000eec00000,0x00000000ef100000)
 ParOldGen       total 87552K, used 15449K [0x00000000c0000000, 0x00000000c5580000, 0x00000000eab00000)
  object space 87552K, 17% used [0x00000000c0000000,0x00000000c0f16700,0x00000000c5580000)
 Metaspace       used 6412K, capacity 7192K, committed 7424K, reserved 1056768K
  class space    used 625K, capacity 656K, committed 768K, reserved 1048576K
Event: 6.696 GC heap after
Heap after GC invocations=5 (full 0):
 PSYoungGen      total 71680K, used 5117K [0x00000000eab00000, 0x00000000f4c00000, 0x0000000100000000)
  eden space 66560K, 0% used [0x00000000eab00000,0x00000000eab00000,0x00000000eec00000)
  from space 5120K, 99% used [0x00000000eec00000,0x00000000ef0ff5a8,0x00000000ef100000)
  to   space 15872K, 0% used [0x00000000f3c80000,0x00000000f3c80000,0x00000000f4c00000)
 ParOldGen       total 87552K, used 25550K [0x00000000c0000000, 0x00000000c5580000, 0x00000000eab00000)
  object space 87552K, 29% used [0x00000000c0000000,0x00000000c18f38a8,0x00000000c5580000)
 Metaspace       used 6412K, capacity 7192K, committed 7424K, reserved 1056768K
  class space    used 625K, capacity 656K, committed 768K, reserved 1048576K
}
Event: 7.827 GC heap before
{Heap before GC invocations=6 (full 0):
 PSYoungGen      total 71680K, used 71677K [0x00000000eab00000, 0x00000000f4c00000, 0x0000000100000000)
  eden space 66560K, 100% used [0x00000000eab00000,0x00000000eec00000,0x00000000eec00000)
  from space 5120K, 99% used [0x00000000eec00000,0x00000000ef0ff5a8,0x00000000ef100000)
  to   space 15872K, 0% used [0x00000000f3c80000,0x00000000f3c80000,0x00000000f4c00000)
 ParOldGen       total 87552K, used 25550K [0x00000000c0000000, 0x00000000c5580000, 0x00000000eab00000)
  object space 87552K, 29% used [0x00000000c0000000,0x00000000c18f38a8,0x00000000c5580000)
 Metaspace       used 6457K, capacity 7192K, committed 7424K, reserved 1056768K
  class space    used 625K, capacity 656K, committed 768K, reserved 1048576K
Event: 7.916 GC heap after
Heap after GC invocations=6 (full 0):
 PSYoungGen      total 147456K, used 14254K [0x00000000eab00000, 0x00000000f4f00000, 0x0000000100000000)
  eden space 131584K, 0% used [0x00000000eab00000,0x00000000eab00000,0x00000000f2b80000)
  from space 15872K, 89% used [0x00000000f3c80000,0x00000000f4a6bbb8,0x00000000f4c00000)
  to   space 17408K, 0% used [0x00000000f2b80000,0x00000000f2b80000,0x00000000f3c80000)
 ParOldGen       total 87552K, used 25550K [0x00000000c0000000, 0x00000000c5580000, 0x00000000eab00000)
  object space 87552K, 29% used [0x00000000c0000000,0x00000000c18f38a8,0x00000000c5580000)
 Metaspace       used 6457K, capacity 7192K, committed 7424K, reserved 1056768K
  class space    used 625K, capacity 656K, committed 768K, reserved 1048576K
}

Deoptimization events (10 events):
Event: 6.983 Thread 0x00000000173ea800 Uncommon trap: reason=bimorphic action=maybe_recompile pc=0x00000000038fe1b8 method=com.android.dx.cf.code.BytecodeArray.parseInstruction(ILcom/android/dx/cf/code/BytecodeArray$Visitor;)I @ 955
Event: 6.983 Thread 0x00000000173ea800 Uncommon trap: reason=bimorphic action=maybe_recompile pc=0x00000000038fe248 method=com.android.dx.cf.code.BytecodeArray.parseInstruction(ILcom/android/dx/cf/code/BytecodeArray$Visitor;)I @ 971
Event: 6.983 Thread 0x00000000173ea800 Uncommon trap: reason=bimorphic action=maybe_recompile pc=0x00000000038fe2d8 method=com.android.dx.cf.code.BytecodeArray.parseInstruction(ILcom/android/dx/cf/code/BytecodeArray$Visitor;)I @ 987
Event: 6.983 Thread 0x00000000173ea800 Uncommon trap: reason=bimorphic action=maybe_recompile pc=0x00000000038fe6a0 method=com.android.dx.cf.code.BytecodeArray.parseInstruction(ILcom/android/dx/cf/code/BytecodeArray$Visitor;)I @ 1130
Event: 6.984 Thread 0x00000000173e6800 Uncommon trap: reason=unstable_if action=reinterpret pc=0x00000000038f42d4 method=com.android.dx.ssa.MoveParamCombiner$1.visitNonMoveInsn(Lcom/android/dx/ssa/NormalSsaInsn;)V @ 27
Event: 8.009 Thread 0x00000000173ea800 Uncommon trap: reason=unstable_if action=reinterpret pc=0x000000000398f5c0 method=java.util.HashMap.getNode(ILjava/lang/Object;)Ljava/util/HashMap$Node; @ 84
Event: 8.009 Thread 0x00000000173ea800 Uncommon trap: reason=unstable_if action=reinterpret pc=0x0000000003955690 method=java.util.HashMap.getNode(ILjava/lang/Object;)Ljava/util/HashMap$Node; @ 84
Event: 8.009 Thread 0x00000000173ea800 Uncommon trap: reason=unstable_if action=reinterpret pc=0x00000000039bfad8 method=java.util.HashMap.getNode(ILjava/lang/Object;)Ljava/util/HashMap$Node; @ 84
Event: 8.030 Thread 0x00000000173ea800 Uncommon trap: reason=unstable_if action=reinterpret pc=0x00000000039a4e08 method=java.util.HashMap.getNode(ILjava/lang/Object;)Ljava/util/HashMap$Node; @ 84
Event: 8.412 Thread 0x000000000300e800 Uncommon trap: reason=unstable_if action=reinterpret pc=0x0000000003711f70 method=com.android.dx.dex.code.OutputFinisher.hasLocalInfo(Lcom/android/dx/dex/code/DalvInsn;)Z @ 24

Internal exceptions (5 events):
Event: 2.148 Thread 0x000000000300e800 Exception <a 'java/lang/NoSuchMethodError': Method sun.misc.Unsafe.defineClass(Ljava/lang/String;[BII)Ljava/lang/Class; name or signature does not match> (0x00000000eab07cc0) thrown at [C:\re\workspace\8-2-build-windows-amd64-cygwin\jdk8u91\6644\hotspot\srÃˆ3*/@
Event: 2.148 Thread 0x000000000300e800 Exception <a 'java/lang/NoSuchMethodError': Method sun.misc.Unsafe.prefetchRead(Ljava/lang/Object;J)V name or signature does not match> (0x00000000eab07fa8) thrown at [C:\re\workspace\8-2-build-windows-amd64-cygwin\jdk8u91\6644\hotspot\src\share\vm\prims\j®=Ú¹&r@
Event: 6.611 Thread 0x00000000173eb000 Exception <a 'java/lang/ArrayIndexOutOfBoundsException': 18> (0x00000000ee3b58b0) thrown at [C:\re\workspace\8-2-build-windows-amd64-cygwin\jdk8u91\6644\hotspot\src\share\vm\interpreter\interpreterRuntime.cpp, line 366]
Event: 6.612 Thread 0x00000000173eb000 Exception <a 'java/lang/ArrayIndexOutOfBoundsException'> (0x00000000ee3b7430) thrown at [C:\re\workspace\8-2-build-windows-amd64-cygwin\jdk8u91\6644\hotspot\src\share\vm\runtime\sharedRuntime.cpp, line 605]
Event: 6.613 Thread 0x00000000173eb000 Exception <a 'java/lang/ArrayIndexOutOfBoundsException'> (0x00000000ee3b8718) thrown at [C:\re\workspace\8-2-build-windows-amd64-cygwin\jdk8u91\6644\hotspot\src\share\vm\runtime\sharedRuntime.cpp, line 605]

Events (10 events):
Event: 8.036 Thread 0x00000000173ea800 DEOPT UNPACKING pc=0x00000000032a787f sp=0x0000000017c6e8a0 mode 0
Event: 8.043 Thread 0x00000000173ea800 DEOPT PACKING pc=0x00000000036aa42c sp=0x0000000017c6eb40
Event: 8.043 Thread 0x00000000173ea800 DEOPT UNPACKING pc=0x00000000032a787f sp=0x0000000017c6e8c0 mode 0
Event: 8.050 Thread 0x00000000173ea800 DEOPT PACKING pc=0x000000000365c192 sp=0x0000000017c6e780
Event: 8.050 Thread 0x00000000173ea800 DEOPT UNPACKING pc=0x00000000032a787f sp=0x0000000017c6e5c0 mode 0
Event: 8.054 Thread 0x000000000300e800 DEOPT PACKING pc=0x00000000038505a8 sp=0x0000000002f6ede0
Event: 8.054 Thread 0x000000000300e800 DEOPT UNPACKING pc=0x00000000032a787f sp=0x0000000002f6eaa8 mode 0
Event: 8.411 Thread 0x000000000300e800 Uncommon trap: trap_request=0xffffff65 fr.pc=0x0000000003711f70
Event: 8.412 Thread 0x000000000300e800 DEOPT PACKING pc=0x0000000003711f70 sp=0x0000000002f6e3a0
Event: 8.412 Thread 0x000000000300e800 DEOPT UNPACKING pc=0x00000000032a582a sp=0x0000000002f6e2b8 mode 2


Dynamic libraries:
0x00007ff687420000 - 0x00007ff687457000 	C:\Program Files\Java\jdk1.8.0_91\bin\java.exe
0x00007fffcbe70000 - 0x00007fffcc031000 	C:\WINDOWS\SYSTEM32\ntdll.dll
0x00007fffc9c00000 - 0x00007fffc9cad000 	C:\WINDOWS\system32\KERNEL32.DLL
0x00007fffc8570000 - 0x00007fffc8758000 	C:\WINDOWS\system32\KERNELBASE.dll
0x00007fffcb6b0000 - 0x00007fffcb757000 	C:\WINDOWS\system32\ADVAPI32.dll
0x00007fffc9a10000 - 0x00007fffc9aad000 	C:\WINDOWS\system32\msvcrt.dll
0x00007fffc99b0000 - 0x00007fffc9a0b000 	C:\WINDOWS\system32\sechost.dll
0x00007fffcba70000 - 0x00007fffcbb8c000 	C:\WINDOWS\system32\RPCRT4.dll
0x00007fffcb910000 - 0x00007fffcba66000 	C:\WINDOWS\system32\USER32.dll
0x00007fffc9820000 - 0x00007fffc99a6000 	C:\WINDOWS\system32\GDI32.dll
0x00007fffbaed0000 - 0x00007fffbb144000 	C:\WINDOWS\WinSxS\amd64_microsoft.windows.common-controls_6595b64144ccf1df_6.0.10586.494_none_a2d8b04ea53e3145\COMCTL32.dll
0x00007fffcbb90000 - 0x00007fffcbe0d000 	C:\WINDOWS\system32\combase.dll
0x00007fffc9170000 - 0x00007fffc91da000 	C:\WINDOWS\system32\bcryptPrimitives.dll
0x00007fffc9dd0000 - 0x00007fffc9e0b000 	C:\WINDOWS\system32\IMM32.DLL
0x0000000075430000 - 0x0000000075502000 	C:\Program Files\Java\jdk1.8.0_91\jre\bin\msvcr100.dll
0x0000000075d80000 - 0x0000000076613000 	C:\Program Files\Java\jdk1.8.0_91\jre\bin\server\jvm.dll
0x00007fffcb6a0000 - 0x00007fffcb6a8000 	C:\WINDOWS\system32\PSAPI.DLL
0x00007fffb72e0000 - 0x00007fffb72e9000 	C:\WINDOWS\SYSTEM32\WSOCK32.dll
0x00007fffc9d60000 - 0x00007fffc9dcb000 	C:\WINDOWS\system32\WS2_32.dll
0x00007fffc6710000 - 0x00007fffc6733000 	C:\WINDOWS\SYSTEM32\WINMM.dll
0x00007fffbb630000 - 0x00007fffbb63a000 	C:\WINDOWS\SYSTEM32\VERSION.dll
0x00007fffc66b0000 - 0x00007fffc66dc000 	C:\WINDOWS\SYSTEM32\WINMMBASE.dll
0x00007fffc8520000 - 0x00007fffc8563000 	C:\WINDOWS\system32\cfgmgr32.dll
0x0000000076cf0000 - 0x0000000076cff000 	C:\Program Files\Java\jdk1.8.0_91\jre\bin\verify.dll
0x0000000075d50000 - 0x0000000075d79000 	C:\Program Files\Java\jdk1.8.0_91\jre\bin\java.dll
0x0000000075d30000 - 0x0000000075d46000 	C:\Program Files\Java\jdk1.8.0_91\jre\bin\zip.dll
0x00007fffca050000 - 0x00007fffcb5ac000 	C:\WINDOWS\system32\SHELL32.dll
0x00007fffc8b20000 - 0x00007fffc9165000 	C:\WINDOWS\system32\windows.storage.dll
0x00007fffc96a0000 - 0x00007fffc96f2000 	C:\WINDOWS\system32\shlwapi.dll
0x00007fffc84c0000 - 0x00007fffc84cf000 	C:\WINDOWS\system32\kernel.appcore.dll
0x00007fffc8a60000 - 0x00007fffc8b15000 	C:\WINDOWS\system32\shcore.dll
0x00007fffc84d0000 - 0x00007fffc851b000 	C:\WINDOWS\system32\powrprof.dll
0x00007fffc84a0000 - 0x00007fffc84b4000 	C:\WINDOWS\system32\profapi.dll

VM Arguments:
jvm_args: -Djava.awt.headless=true -Xmx1024M -Dfile.encoding=windows-1252 -Duser.country=US -Duser.language=en -Duser.variant 
java_command: com.android.dx.command.Main --dex --force-jumbo --num-threads=4 --multi-dex --output C:\ESD\AndroidAppProjects\ChooseANicePhoto\app\build\intermediates\transforms\dex\debug\folders\1000\10\com.android.support-appcompat-v7-24.2.0_9918628341455d9495bb4fdd1489d5ef639b8a47 C:\ESD\AndroidAppProjects\ChooseANicePhoto\app\build\intermediates\exploded-aar\com.android.support\appcompat-v7\24.2.0\jars\classes.jar
java_class_path (initial): C:\Users\Michael\AppData\Local\Android\sdk\build-tools\24.0.1\lib\dx.jar
Launcher Type: SUN_STANDARD

Environment Variables:
JAVA_HOME=C:\Program Files\Java\jdk1.8.0_91
PATH=C:\ProgramData\Oracle\Java\javapath;C:\Program Files\ImageMagick-6.9.3-Q16;C:\Program Files (x86)\Intel\iCLS Client\;C:\Program Files\Intel\iCLS Client\;C:\WINDOWS\system32;C:\WINDOWS;C:\WINDOWS\System32\Wbem;C:\WINDOWS\System32\WindowsPowerShell\v1.0\;C:\Program Files (x86)\Intel\Intel(R) Management Engine Components\DAL;C:\Program Files\Intel\Intel(R) Management Engine Components\DAL;C:\Program Files (x86)\Intel\Intel(R) Management Engine Components\IPT;C:\Program Files\Intel\Intel(R) Management Engine Components\IPT;C:\WINDOWS\system32\config\systemprofile\.dnx\bin;C:\Program Files\Microsoft DNX\Dnvm\;c:\Program Files\Intel\WiFi\bin\;c:\Program Files\Common Files\Intel\WirelessCommon\;C:\Program Files (x86)\Skype\Phone\;C:\Program Files (x86)\GtkSharp\2.12\bin;C:\Program Files\Java\jdk1.8.0_91\bin;C:\Program Files (x86)\Brackets\command;C:\Program Files\Git\cmd;C:\Program Files\Microsoft SQL Server\110\Tools\Binn\;C:\Program Files (x86)\Microsoft SDKs\TypeScript\1.0\;C:\Program Files\Microsoft SQL Server\120\Tools\Binn\;C:\Program Files (x86)\Microsoft SQL Server\Client SDK\ODBC\130\Tools\Binn\;C:\Program Files (x86)\Microsoft SQL Server\130\Tools\Binn\;C:\Program Files (x86)\Microsoft SQL Server\130\DTS\Binn\;C:\Program Files (x86)\Microsoft SQL Server\130\Tools\Binn\ManagementStudio\;C:\Program Files\Microsoft SQL Server\Client SDK\ODBC\130\Tools\Binn\;C:\Program Files\Microsoft SQL Server\130\Tools\Binn\;C:\Program Files\Microsoft SQL Server\130\DTS\Binn\;C:\Program Files (x86)\SSH Communications Security\SSH Secure Shell;c:\Program Files\Intel\WiFi\bin\;c:\Program Files\Common Files\Intel\WirelessCommon\;C:\Program Files (x86)\Java\jre1.8.0_91/bin
USERNAME=Michael
OS=Windows_NT
PROCESSOR_IDENTIFIER=Intel64 Family 6 Model 61 Stepping 4, GenuineIntel



---------------  S Y S T E M  ---------------

OS: Windows 10.0 , 64 bit Build 10586 (10.0.10586.0)

CPU:total 4 (2 cores per cpu, 2 threads per core) family 6 model 61 stepping 4, cmov, cx8, fxsr, mmx, sse, sse2, sse3, ssse3, sse4.1, sse4.2, popcnt, avx, avx2, aes, clmul, erms, 3dnowpref, lzcnt, ht, tsc, tscinvbit, bmi1, bmi2, adx

Memory: 4k page, physical 8293924k(1076948k free), swap 12494344k(5272k free)

vm_info: Java HotSpot(TM) 64-Bit Server VM (25.91-b14) for windows-amd64 JRE (1.8.0_91-b14), built on Apr  1 2016 00:58:32 by "java_re" with MS VC++ 10.0 (VS2010)

time: Thu Sep 08 01:10:23 2016
elapsed time: 8 seconds (0d 0h 0m 8s)

