#
# There is insufficient memory for the Java Runtime Environment to continue.
# Native memory allocation (malloc) failed to allocate 653536 bytes for Chunk::new
# Possible reasons:
#   The system is out of physical RAM or swap space
#   In 32 bit mode, the process size limit was hit
# Possible solutions:
#   Reduce memory load on the system
#   Increase physical memory or swap space
#   Check if swap backing store is full
#   Use 64 bit Java on a 64 bit OS
#   Decrease Java heap size (-Xmx/-Xms)
#   Decrease number of Java threads
#   Decrease Java thread stack sizes (-Xss)
#   Set larger code cache with -XX:ReservedCodeCacheSize=
# This output file may be truncated or incomplete.
#
#  Out of Memory Error (allocation.cpp:390), pid=14292, tid=4344
#
# JRE version: Java(TM) SE Runtime Environment (8.0_91-b14) (build 1.8.0_91-b14)
# Java VM: Java HotSpot(TM) 64-Bit Server VM (25.91-b14 mixed mode windows-amd64 compressed oops)
# Failed to write core dump. Minidumps are not enabled by default on client versions of Windows
#

---------------  T H R E A D  ---------------

Current thread (0x0000000014e07000):  JavaThread "C2 CompilerThread1" daemon [_thread_in_native, id=4344, stack(0x0000000016510000,0x0000000016610000)]

Stack: [0x0000000016510000,0x0000000016610000]
[error occurred during error reporting (printing stack bounds), id 0xc0000005]

Native frames: (J=compiled Java code, j=interpreted, Vv=VM code, C=native code)


Current CompileTask:
C2:   4905 1175   !   4       com.android.dx.cf.code.RopperMachine::run (1550 bytes)


---------------  P R O C E S S  ---------------

Java Threads: ( => current thread )
  0x000000001695f000 JavaThread "pool-2-thread-4" [_thread_blocked, id=868, stack(0x0000000017110000,0x0000000017210000)]
  0x000000001695e000 JavaThread "pool-2-thread-3" [_thread_blocked, id=14724, stack(0x0000000017010000,0x0000000017110000)]
  0x000000001695b800 JavaThread "pool-2-thread-2" [_thread_in_vm, id=1096, stack(0x0000000016f10000,0x0000000017010000)]
  0x0000000016841800 JavaThread "pool-3-thread-1" [_thread_blocked, id=8656, stack(0x0000000016e10000,0x0000000016f10000)]
  0x0000000016840800 JavaThread "pool-2-thread-1" [_thread_blocked, id=11720, stack(0x0000000016d10000,0x0000000016e10000)]
  0x0000000016710800 JavaThread "Service Thread" daemon [_thread_blocked, id=12532, stack(0x0000000016b10000,0x0000000016c10000)]
  0x0000000014e0c000 JavaThread "C1 CompilerThread2" daemon [_thread_blocked, id=13748, stack(0x0000000016610000,0x0000000016710000)]
=>0x0000000014e07000 JavaThread "C2 CompilerThread1" daemon [_thread_in_native, id=4344, stack(0x0000000016510000,0x0000000016610000)]
  0x0000000014dae000 JavaThread "C2 CompilerThread0" daemon [_thread_in_native, id=15012, stack(0x0000000016410000,0x0000000016510000)]
  0x0000000014dac000 JavaThread "Attach Listener" daemon [_thread_blocked, id=8860, stack(0x0000000016310000,0x0000000016410000)]
  0x0000000014dab000 JavaThread "Signal Dispatcher" daemon [_thread_blocked, id=6252, stack(0x0000000016210000,0x0000000016310000)]
  0x00000000026d5800 JavaThread "Finalizer" daemon [_thread_in_Java, id=13304, stack(0x0000000016030000,0x0000000016130000)]
  0x00000000026d0800 JavaThread "Reference Handler" daemon [_thread_blocked, id=7944, stack(0x0000000015f30000,0x0000000016030000)]
  0x00000000023de800 JavaThread "main" [_thread_blocked, id=14788, stack(0x00000000023e0000,0x00000000024e0000)]

Other Threads:
  0x0000000014d78000 VMThread [stack: 0x0000000015e30000,0x0000000015f30000] [id=3000]
  0x000000001671b000 WatcherThread [stack: 0x0000000016c10000,0x0000000016d10000] [id=9280]

VM state:not at safepoint (normal execution)

VM Mutex/Monitor currently owned by a thread: None

Heap:
 PSYoungGen      total 38400K, used 5105K [0x00000000eab00000, 0x00000000ed580000, 0x0000000100000000)
  eden space 33280K, 0% used [0x00000000eab00000,0x00000000eab00018,0x00000000ecb80000)
  from space 5120K, 99% used [0x00000000ecb80000,0x00000000ed07c3e8,0x00000000ed080000)
  to   space 5120K, 0% used [0x00000000ed080000,0x00000000ed080000,0x00000000ed580000)
 ParOldGen       total 87552K, used 2399K [0x00000000c0000000, 0x00000000c5580000, 0x00000000eab00000)
  object space 87552K, 2% used [0x00000000c0000000,0x00000000c0257fe0,0x00000000c5580000)
 Metaspace       used 5726K, capacity 6832K, committed 7040K, reserved 1056768K
  class space    used 579K, capacity 616K, committed 640K, reserved 1048576K

Card table byte_map: [0x0000000011aa0000,0x0000000011cb0000] byte_map_base: 0x00000000114a0000

Marking Bits: (ParMarkBitMap*) 0x0000000076592f70
 Begin Bits: [0x0000000012210000, 0x0000000013210000)
 End Bits:   [0x0000000013210000, 0x0000000014210000)

Polling page: 0x00000000022c0000

CodeCache: size=245760Kb used=4779Kb max_used=4779Kb free=240980Kb
 bounds [0x00000000026e0000, 0x0000000002b90000, 0x00000000116e0000]
 total_blobs=1454 nmethods=1193 adapters=174
 compilation: enabled

Compilation events (10 events):
Event: 4.776 Thread 0x0000000014e0c000 1192       3       com.android.dx.ssa.BasicRegisterMapper::oldToNew (22 bytes)
Event: 4.776 Thread 0x0000000014e0c000 nmethod 1192 0x0000000002b8b290 code [0x0000000002b8b400, 0x0000000002b8b6e8]
Event: 4.776 Thread 0x0000000014e0c000 1193       3       com.android.dx.rop.code.Insn$BaseVisitor::visitThrowingInsn (1 bytes)
Event: 4.776 Thread 0x0000000014e0c000 nmethod 1193 0x0000000002b6f290 code [0x0000000002b6f3e0, 0x0000000002b6f530]
Event: 4.901 Thread 0x0000000014e0c000 1197   !   3       java.lang.ref.Reference::tryHandlePending (115 bytes)
Event: 4.902 Thread 0x0000000014e0c000 nmethod 1197 0x0000000002b8bb50 code [0x0000000002b8bd80, 0x0000000002b8ca28]
Event: 4.902 Thread 0x0000000014e0c000 1198   !   3       java.lang.ref.ReferenceQueue::enqueue (119 bytes)
Event: 4.903 Thread 0x0000000014e0c000 nmethod 1198 0x0000000002b8cf50 code [0x0000000002b8d0e0, 0x0000000002b8d848]
Event: 4.903 Thread 0x0000000014e0c000 1199       3       sun.misc.VM::addFinalRefCount (24 bytes)
Event: 4.903 Thread 0x0000000014e0c000 nmethod 1199 0x0000000002b8da50 code [0x0000000002b8dba0, 0x0000000002b8dd50]

GC Heap History (2 events):
Event: 4.778 GC heap before
{Heap before GC invocations=1 (full 0):
 PSYoungGen      total 38400K, used 33280K [0x00000000eab00000, 0x00000000ed580000, 0x0000000100000000)
  eden space 33280K, 100% used [0x00000000eab00000,0x00000000ecb80000,0x00000000ecb80000)
  from space 5120K, 0% used [0x00000000ed080000,0x00000000ed080000,0x00000000ed580000)
  to   space 5120K, 0% used [0x00000000ecb80000,0x00000000ecb80000,0x00000000ed080000)
 ParOldGen       total 87552K, used 0K [0x00000000c0000000, 0x00000000c5580000, 0x00000000eab00000)
  object space 87552K, 0% used [0x00000000c0000000,0x00000000c0000000,0x00000000c5580000)
 Metaspace       used 5720K, capacity 6832K, committed 7040K, reserved 1056768K
  class space    used 579K, capacity 616K, committed 640K, reserved 1048576K
Event: 4.895 GC heap after
Heap after GC invocations=1 (full 0):
 PSYoungGen      total 38400K, used 5104K [0x00000000eab00000, 0x00000000ed580000, 0x0000000100000000)
  eden space 33280K, 0% used [0x00000000eab00000,0x00000000eab00000,0x00000000ecb80000)
  from space 5120K, 99% used [0x00000000ecb80000,0x00000000ed07c3e8,0x00000000ed080000)
  to   space 5120K, 0% used [0x00000000ed080000,0x00000000ed080000,0x00000000ed580000)
 ParOldGen       total 87552K, used 2399K [0x00000000c0000000, 0x00000000c5580000, 0x00000000eab00000)
  object space 87552K, 2% used [0x00000000c0000000,0x00000000c0257fe0,0x00000000c5580000)
 Metaspace       used 5720K, capacity 6832K, committed 7040K, reserved 1056768K
  class space    used 579K, capacity 616K, committed 640K, reserved 1048576K
}

Deoptimization events (10 events):
Event: 4.189 Thread 0x000000001695f000 Uncommon trap: reason=unstable_if action=reinterpret pc=0x0000000002a7c978 method=com.android.dx.rop.code.RegisterSpec.equals(ILcom/android/dx/rop/type/TypeBearer;Lcom/android/dx/rop/code/LocalItem;)Z @ 24
Event: 4.190 Thread 0x000000001695f000 Uncommon trap: reason=unstable_if action=reinterpret pc=0x0000000002ad7420 method=com.android.dx.util.IntList.binarysearch(I)I @ 26
Event: 4.191 Thread 0x000000001695f000 Uncommon trap: reason=unstable_if action=reinterpret pc=0x00000000029f3d5c method=com.android.dx.rop.code.RegisterSpec.equals(ILcom/android/dx/rop/type/TypeBearer;Lcom/android/dx/rop/code/LocalItem;)Z @ 16
Event: 4.191 Thread 0x000000001695f000 Uncommon trap: reason=class_check action=maybe_recompile pc=0x0000000002a33b78 method=com.android.dx.rop.type.Type.equals(Ljava/lang/Object;)Z @ 8
Event: 4.191 Thread 0x000000001695f000 Uncommon trap: reason=unstable_if action=reinterpret pc=0x0000000002a29980 method=com.android.dx.rop.code.RegisterSpec.equals(ILcom/android/dx/rop/type/TypeBearer;Lcom/android/dx/rop/code/LocalItem;)Z @ 16
Event: 4.194 Thread 0x000000001695f000 Uncommon trap: reason=unloaded action=reinterpret pc=0x0000000002a15b20 method=com.android.dx.ssa.SsaRenamer$BlockRenamer.visitMoveInsn(Lcom/android/dx/ssa/NormalSsaInsn;)V @ 208
Event: 4.194 Thread 0x000000001695f000 Uncommon trap: reason=unstable_if action=reinterpret pc=0x0000000002a780a8 method=com.android.dx.ssa.NormalSsaInsn.getLocalAssignment()Lcom/android/dx/rop/code/RegisterSpec; @ 12
Event: 4.194 Thread 0x000000001695f000 Uncommon trap: reason=unstable_if action=reinterpret pc=0x0000000002adecf0 method=com.android.dx.ssa.NormalSsaInsn.getLocalAssignment()Lcom/android/dx/rop/code/RegisterSpec; @ 12
Event: 4.499 Thread 0x000000001695f000 Uncommon trap: reason=class_check action=maybe_recompile pc=0x0000000002b3455c method=com.android.dx.cf.code.BytecodeArray.parseInstruction(ILcom/android/dx/cf/code/BytecodeArray$Visitor;)I @ 891
Event: 4.500 Thread 0x000000001695f000 Uncommon trap: reason=class_check action=maybe_recompile pc=0x0000000002b3455c method=com.android.dx.cf.code.BytecodeArray.parseInstruction(ILcom/android/dx/cf/code/BytecodeArray$Visitor;)I @ 891

Internal exceptions (2 events):
Event: 0.422 Thread 0x00000000023de800 Exception <a 'java/lang/NoSuchMethodError': Method sun.misc.Unsafe.defineClass(Ljava/lang/String;[BII)Ljava/lang/Class; name or signature does not match> (0x00000000eab07cc0) thrown at [C:\re\workspace\8-2-build-windows-amd64-cygwin\jdk8u91\6644\hotspot\srˆŠ2Û?
Event: 0.422 Thread 0x00000000023de800 Exception <a 'java/lang/NoSuchMethodError': Method sun.misc.Unsafe.prefetchRead(Ljava/lang/Object;J)V name or signature does not match> (0x00000000eab07fa8) thrown at [C:\re\workspace\8-2-build-windows-amd64-cygwin\jdk8u91\6644\hotspot\src\share\vm\prims\j

Events (10 events):
Event: 4.499 Thread 0x000000001695f000 Uncommon trap: trap_request=0xffffffde fr.pc=0x0000000002b3455c
Event: 4.499 Thread 0x000000001695f000 DEOPT PACKING pc=0x0000000002b3455c sp=0x000000001720e410
Event: 4.499 Thread 0x000000001695f000 DEOPT UNPACKING pc=0x000000000272582a sp=0x000000001720e370 mode 2
Event: 4.500 Thread 0x000000001695f000 Uncommon trap: trap_request=0xffffffde fr.pc=0x0000000002b3455c
Event: 4.500 Thread 0x000000001695f000 DEOPT PACKING pc=0x0000000002b3455c sp=0x000000001720e410
Event: 4.500 Thread 0x000000001695f000 DEOPT UNPACKING pc=0x000000000272582a sp=0x000000001720e370 mode 2
Event: 4.760 Executing VM operation: ForceSafepoint
Event: 4.761 Executing VM operation: ForceSafepoint done
Event: 4.778 Executing VM operation: ParallelGCFailedAllocation
Event: 4.895 Executing VM operation: ParallelGCFailedAllocation done


Dynamic libraries:
0x00007ff687420000 - 0x00007ff687457000 	C:\Program Files\Java\jdk1.8.0_91\bin\java.exe
0x00007fffcbe70000 - 0x00007fffcc031000 	C:\WINDOWS\SYSTEM32\ntdll.dll
0x00007fffc9c00000 - 0x00007fffc9cad000 	C:\WINDOWS\system32\KERNEL32.DLL
0x00007fffc8570000 - 0x00007fffc8758000 	C:\WINDOWS\system32\KERNELBASE.dll
0x00007fffcb6b0000 - 0x00007fffcb757000 	C:\WINDOWS\system32\ADVAPI32.dll
0x00007fffc9a10000 - 0x00007fffc9aad000 	C:\WINDOWS\system32\msvcrt.dll
0x00007fffc99b0000 - 0x00007fffc9a0b000 	C:\WINDOWS\system32\sechost.dll
0x00007fffcba70000 - 0x00007fffcbb8c000 	C:\WINDOWS\system32\RPCRT4.dll
0x00007fffcb910000 - 0x00007fffcba66000 	C:\WINDOWS\system32\USER32.dll
0x00007fffc9820000 - 0x00007fffc99a6000 	C:\WINDOWS\system32\GDI32.dll
0x00007fffbaed0000 - 0x00007fffbb144000 	C:\WINDOWS\WinSxS\amd64_microsoft.windows.common-controls_6595b64144ccf1df_6.0.10586.494_none_a2d8b04ea53e3145\COMCTL32.dll
0x00007fffcbb90000 - 0x00007fffcbe0d000 	C:\WINDOWS\system32\combase.dll
0x00007fffc9170000 - 0x00007fffc91da000 	C:\WINDOWS\system32\bcryptPrimitives.dll
0x00007fffc9dd0000 - 0x00007fffc9e0b000 	C:\WINDOWS\system32\IMM32.DLL
0x0000000075430000 - 0x0000000075502000 	C:\Program Files\Java\jdk1.8.0_91\jre\bin\msvcr100.dll
0x0000000075d80000 - 0x0000000076613000 	C:\Program Files\Java\jdk1.8.0_91\jre\bin\server\jvm.dll
0x00007fffcb6a0000 - 0x00007fffcb6a8000 	C:\WINDOWS\system32\PSAPI.DLL
0x00007fffb72e0000 - 0x00007fffb72e9000 	C:\WINDOWS\SYSTEM32\WSOCK32.dll
0x00007fffc9d60000 - 0x00007fffc9dcb000 	C:\WINDOWS\system32\WS2_32.dll
0x00007fffc6710000 - 0x00007fffc6733000 	C:\WINDOWS\SYSTEM32\WINMM.dll
0x00007fffbb630000 - 0x00007fffbb63a000 	C:\WINDOWS\SYSTEM32\VERSION.dll
0x00007fffc66b0000 - 0x00007fffc66dc000 	C:\WINDOWS\SYSTEM32\WINMMBASE.dll
0x00007fffc8520000 - 0x00007fffc8563000 	C:\WINDOWS\system32\cfgmgr32.dll
0x0000000076cf0000 - 0x0000000076cff000 	C:\Program Files\Java\jdk1.8.0_91\jre\bin\verify.dll
0x0000000075d50000 - 0x0000000075d79000 	C:\Program Files\Java\jdk1.8.0_91\jre\bin\java.dll
0x0000000075d30000 - 0x0000000075d46000 	C:\Program Files\Java\jdk1.8.0_91\jre\bin\zip.dll
0x00007fffca050000 - 0x00007fffcb5ac000 	C:\WINDOWS\system32\SHELL32.dll
0x00007fffc8b20000 - 0x00007fffc9165000 	C:\WINDOWS\system32\windows.storage.dll
0x00007fffc96a0000 - 0x00007fffc96f2000 	C:\WINDOWS\system32\shlwapi.dll
0x00007fffc84c0000 - 0x00007fffc84cf000 	C:\WINDOWS\system32\kernel.appcore.dll
0x00007fffc8a60000 - 0x00007fffc8b15000 	C:\WINDOWS\system32\shcore.dll
0x00007fffc84d0000 - 0x00007fffc851b000 	C:\WINDOWS\system32\powrprof.dll
0x00007fffc84a0000 - 0x00007fffc84b4000 	C:\WINDOWS\system32\profapi.dll

VM Arguments:
jvm_args: -Djava.awt.headless=true -Xmx1024M -Dfile.encoding=windows-1252 -Duser.country=US -Duser.language=en -Duser.variant 
java_command: com.android.dx.command.Main --dex --force-jumbo --num-threads=4 --multi-dex --output C:\ESD\AndroidAppProjects\ChooseANicePhoto\app\build\intermediates\transforms\dex\debug\folders\1000\5\slice_2 C:\ESD\AndroidAppProjects\ChooseANicePhoto\app\build\intermediates\transforms\instantRunSlicer\debug\folders\1\5\slice_2
java_class_path (initial): C:\Users\Michael\AppData\Local\Android\sdk\build-tools\24.0.1\lib\dx.jar
Launcher Type: SUN_STANDARD

Environment Variables:
JAVA_HOME=C:\Program Files\Java\jdk1.8.0_91
PATH=C:\ProgramData\Oracle\Java\javapath;C:\Program Files\ImageMagick-6.9.3-Q16;C:\Program Files (x86)\Intel\iCLS Client\;C:\Program Files\Intel\iCLS Client\;C:\WINDOWS\system32;C:\WINDOWS;C:\WINDOWS\System32\Wbem;C:\WINDOWS\System32\WindowsPowerShell\v1.0\;C:\Program Files (x86)\Intel\Intel(R) Management Engine Components\DAL;C:\Program Files\Intel\Intel(R) Management Engine Components\DAL;C:\Program Files (x86)\Intel\Intel(R) Management Engine Components\IPT;C:\Program Files\Intel\Intel(R) Management Engine Components\IPT;C:\WINDOWS\system32\config\systemprofile\.dnx\bin;C:\Program Files\Microsoft DNX\Dnvm\;c:\Program Files\Intel\WiFi\bin\;c:\Program Files\Common Files\Intel\WirelessCommon\;C:\Program Files (x86)\Skype\Phone\;C:\Program Files (x86)\GtkSharp\2.12\bin;C:\Program Files\Java\jdk1.8.0_91\bin;C:\Program Files (x86)\Brackets\command;C:\Program Files\Git\cmd;C:\Program Files\Microsoft SQL Server\110\Tools\Binn\;C:\Program Files (x86)\Microsoft SDKs\TypeScript\1.0\;C:\Program Files\Microsoft SQL Server\120\Tools\Binn\;C:\Program Files (x86)\Microsoft SQL Server\Client SDK\ODBC\130\Tools\Binn\;C:\Program Files (x86)\Microsoft SQL Server\130\Tools\Binn\;C:\Program Files (x86)\Microsoft SQL Server\130\DTS\Binn\;C:\Program Files (x86)\Microsoft SQL Server\130\Tools\Binn\ManagementStudio\;C:\Program Files\Microsoft SQL Server\Client SDK\ODBC\130\Tools\Binn\;C:\Program Files\Microsoft SQL Server\130\Tools\Binn\;C:\Program Files\Microsoft SQL Server\130\DTS\Binn\;C:\Program Files (x86)\SSH Communications Security\SSH Secure Shell;c:\Program Files\Intel\WiFi\bin\;c:\Program Files\Common Files\Intel\WirelessCommon\;C:\Program Files (x86)\Java\jre1.8.0_91/bin
USERNAME=Michael
OS=Windows_NT
PROCESSOR_IDENTIFIER=Intel64 Family 6 Model 61 Stepping 4, GenuineIntel



---------------  S Y S T E M  ---------------

OS: Windows 10.0 , 64 bit Build 10586 (10.0.10586.0)

CPU:total 4 (2 cores per cpu, 2 threads per core) family 6 model 61 stepping 4, cmov, cx8, fxsr, mmx, sse, sse2, sse3, ssse3, sse4.1, sse4.2, popcnt, avx, avx2, aes, clmul, erms, 3dnowpref, lzcnt, ht, tsc, tscinvbit, bmi1, bmi2, adx

Memory: 4k page, physical 8293924k(1076164k free), swap 12494344k(5088k free)

vm_info: Java HotSpot(TM) 64-Bit Server VM (25.91-b14) for windows-amd64 JRE (1.8.0_91-b14), built on Apr  1 2016 00:58:32 by "java_re" with MS VC++ 10.0 (VS2010)

time: Thu Sep 08 01:10:24 2016
elapsed time: 4 seconds (0d 0h 0m 4s)

