#
# There is insufficient memory for the Java Runtime Environment to continue.
# Native memory allocation (malloc) failed to allocate 32744 bytes for ChunkPool::allocate
# Possible reasons:
#   The system is out of physical RAM or swap space
#   In 32 bit mode, the process size limit was hit
# Possible solutions:
#   Reduce memory load on the system
#   Increase physical memory or swap space
#   Check if swap backing store is full
#   Use 64 bit Java on a 64 bit OS
#   Decrease Java heap size (-Xmx/-Xms)
#   Decrease number of Java threads
#   Decrease Java thread stack sizes (-Xss)
#   Set larger code cache with -XX:ReservedCodeCacheSize=
# This output file may be truncated or incomplete.
#
#  Out of Memory Error (allocation.cpp:273), pid=8680, tid=1904
#
# JRE version: Java(TM) SE Runtime Environment (8.0_91-b14) (build 1.8.0_91-b14)
# Java VM: Java HotSpot(TM) 64-Bit Server VM (25.91-b14 mixed mode windows-amd64 compressed oops)
# Failed to write core dump. Minidumps are not enabled by default on client versions of Windows
#

---------------  T H R E A D  ---------------

Current thread (0x0000000016a4d800):  JavaThread "pool-2-thread-2" [_thread_in_vm, id=1904, stack(0x0000000016ff0000,0x00000000170f0000)]

Stack: [0x0000000016ff0000,0x00000000170f0000]
[error occurred during error reporting (printing stack bounds), id 0xc0000005]

Native frames: (J=compiled Java code, j=interpreted, Vv=VM code, C=native code)

Java frames: (J=compiled Java code, j=interpreted, Vv=VM code)
j  com.android.dx.cf.code.ValueAwareMachine.run(Lcom/android/dx/cf/code/Frame;II)V+0
j  com.android.dx.cf.code.RopperMachine.run(Lcom/android/dx/cf/code/Frame;II)V+34
j  com.android.dx.cf.code.Simulator$SimVisitor.visitLocal(IIIILcom/android/dx/rop/type/Type;I)V+323
j  com.android.dx.cf.code.BytecodeArray.parseInstruction(ILcom/android/dx/cf/code/BytecodeArray$Visitor;)I+1867
j  com.android.dx.cf.code.Simulator.simulate(Lcom/android/dx/cf/code/ByteBlock;Lcom/android/dx/cf/code/Frame;)V+35
j  com.android.dx.cf.code.Ropper.processBlock(Lcom/android/dx/cf/code/ByteBlock;Lcom/android/dx/cf/code/Frame;[I)V+29
j  com.android.dx.cf.code.Ropper.doit()V+61
j  com.android.dx.cf.code.Ropper.convert(Lcom/android/dx/cf/code/ConcreteMethod;Lcom/android/dx/rop/code/TranslationAdvice;Lcom/android/dx/cf/iface/MethodList;)Lcom/android/dx/rop/code/RopMethod;+12
j  com.android.dx.dex.cf.CfTranslator.processMethods(Lcom/android/dx/cf/direct/DirectClassFile;Lcom/android/dx/dex/cf/CfOptions;Lcom/android/dx/dex/DexOptions;Lcom/android/dx/dex/file/ClassDefItem;Lcom/android/dx/dex/file/DexFile;)V+176
j  com.android.dx.dex.cf.CfTranslator.translate0(Lcom/android/dx/cf/direct/DirectClassFile;[BLcom/android/dx/dex/cf/CfOptions;Lcom/android/dx/dex/DexOptions;Lcom/android/dx/dex/file/DexFile;)Lcom/android/dx/dex/file/ClassDefItem;+120
j  com.android.dx.dex.cf.CfTranslator.translate(Lcom/android/dx/cf/direct/DirectClassFile;[BLcom/android/dx/dex/cf/CfOptions;Lcom/android/dx/dex/DexOptions;Lcom/android/dx/dex/file/DexFile;)Lcom/android/dx/dex/file/ClassDefItem;+6
j  com.android.dx.command.dexer.Main.translateClass([BLcom/android/dx/cf/direct/DirectClassFile;)Lcom/android/dx/dex/file/ClassDefItem;+17
j  com.android.dx.command.dexer.Main.access$2700([BLcom/android/dx/cf/direct/DirectClassFile;)Lcom/android/dx/dex/file/ClassDefItem;+2
j  com.android.dx.command.dexer.Main$ClassTranslatorTask.call()Lcom/android/dx/dex/file/ClassDefItem;+8
j  com.android.dx.command.dexer.Main$ClassTranslatorTask.call()Ljava/lang/Object;+1
j  java.util.concurrent.FutureTask.run()V+42
j  java.util.concurrent.ThreadPoolExecutor.runWorker(Ljava/util/concurrent/ThreadPoolExecutor$Worker;)V+95
j  java.util.concurrent.ThreadPoolExecutor$Worker.run()V+5
j  java.lang.Thread.run()V+11
v  ~StubRoutines::call_stub

---------------  P R O C E S S  ---------------

Java Threads: ( => current thread )
  0x0000000016a51000 JavaThread "pool-2-thread-4" [_thread_in_Java, id=7824, stack(0x00000000171f0000,0x00000000172f0000)]
  0x0000000016a50000 JavaThread "pool-2-thread-3" [_thread_blocked, id=12528, stack(0x00000000170f0000,0x00000000171f0000)]
=>0x0000000016a4d800 JavaThread "pool-2-thread-2" [_thread_in_vm, id=1904, stack(0x0000000016ff0000,0x00000000170f0000)]
  0x0000000016a02000 JavaThread "pool-3-thread-1" [_thread_blocked, id=7500, stack(0x0000000016ef0000,0x0000000016ff0000)]
  0x0000000016996800 JavaThread "pool-2-thread-1" [_thread_blocked, id=14992, stack(0x0000000016df0000,0x0000000016ef0000)]
  0x00000000167f4800 JavaThread "Service Thread" daemon [_thread_blocked, id=10428, stack(0x0000000016bf0000,0x0000000016cf0000)]
  0x0000000014f0d000 JavaThread "C1 CompilerThread2" daemon [_thread_in_native, id=6740, stack(0x00000000166f0000,0x00000000167f0000)]
  0x0000000014eb2000 JavaThread "C2 CompilerThread1" daemon [_thread_blocked, id=1520, stack(0x00000000165f0000,0x00000000166f0000)]
  0x0000000014eaf000 JavaThread "C2 CompilerThread0" daemon [_thread_in_native, id=9716, stack(0x00000000164f0000,0x00000000165f0000)]
  0x0000000014ead000 JavaThread "Attach Listener" daemon [_thread_blocked, id=3576, stack(0x00000000163f0000,0x00000000164f0000)]
  0x0000000014eac000 JavaThread "Signal Dispatcher" daemon [_thread_blocked, id=6772, stack(0x00000000162f0000,0x00000000163f0000)]
  0x00000000027a5800 JavaThread "Finalizer" daemon [_thread_blocked, id=916, stack(0x0000000016100000,0x0000000016200000)]
  0x00000000027a0800 JavaThread "Reference Handler" daemon [_thread_blocked, id=7468, stack(0x0000000016000000,0x0000000016100000)]
  0x000000000247e800 JavaThread "main" [_thread_blocked, id=6284, stack(0x00000000024a0000,0x00000000025a0000)]

Other Threads:
  0x0000000014e78000 VMThread [stack: 0x0000000015f00000,0x0000000016000000] [id=5664]
  0x00000000167fe000 WatcherThread [stack: 0x0000000016cf0000,0x0000000016df0000] [id=14820]

VM state:not at safepoint (normal execution)

VM Mutex/Monitor currently owned by a thread:  ([mutex/lock_event])
[0x00000000026b0850] MethodData_lock - owner thread: 0x0000000016a4d800

Heap:
 PSYoungGen      total 38400K, used 13649K [0x00000000eab00000, 0x00000000ed580000, 0x0000000100000000)
  eden space 33280K, 41% used [0x00000000eab00000,0x00000000eb854460,0x00000000ecb80000)
  from space 5120K, 0% used [0x00000000ed080000,0x00000000ed080000,0x00000000ed580000)
  to   space 5120K, 0% used [0x00000000ecb80000,0x00000000ecb80000,0x00000000ed080000)
 ParOldGen       total 87552K, used 0K [0x00000000c0000000, 0x00000000c5580000, 0x00000000eab00000)
  object space 87552K, 0% used [0x00000000c0000000,0x00000000c0000000,0x00000000c5580000)
 Metaspace       used 5517K, capacity 6512K, committed 6784K, reserved 1056768K
  class space    used 596K, capacity 616K, committed 640K, reserved 1048576K

Card table byte_map: [0x0000000011b80000,0x0000000011d90000] byte_map_base: 0x0000000011580000

Marking Bits: (ParMarkBitMap*) 0x0000000076592f70
 Begin Bits: [0x00000000122f0000, 0x00000000132f0000)
 End Bits:   [0x00000000132f0000, 0x00000000142f0000)

Polling page: 0x0000000002460000

CodeCache: size=245760Kb used=2270Kb max_used=2281Kb free=243489Kb
 bounds [0x00000000027c0000, 0x0000000002a30000, 0x00000000117c0000]
 total_blobs=805 nmethods=536 adapters=182
 compilation: enabled

Compilation events (10 events):
Event: 2.065 Thread 0x0000000014f0d000  538   !   3       com.android.dx.cf.code.BytecodeArray::parseInstruction (2764 bytes)
Event: 2.065 Thread 0x0000000014eaf000 nmethod 529 0x00000000029fad10 code [0x00000000029fae40, 0x00000000029faed8]
Event: 2.066 Thread 0x0000000014eb2000 nmethod 535 0x00000000029faf90 code [0x00000000029fb0c0, 0x00000000029fb158]
Event: 2.066 Thread 0x0000000014eaf000  540       4       com.android.dx.rop.type.Type::getCategory (36 bytes)
Event: 2.066 Thread 0x0000000014eaf000 nmethod 540 0x00000000029fb210 code [0x00000000029fb340, 0x00000000029fb3b8]
Event: 2.067 Thread 0x0000000014eb2000  548       4       java.util.ArrayList$Itr::next (66 bytes)
Event: 2.069 Thread 0x0000000014eb2000 nmethod 548 0x00000000029f9450 code [0x00000000029f95a0, 0x00000000029f96b8]
Event: 2.070 Thread 0x0000000014eb2000  561       4       com.android.dx.cf.code.LineNumberList::get (9 bytes)
Event: 2.071 Thread 0x0000000014eb2000 nmethod 561 0x00000000029f90d0 code [0x00000000029f9220, 0x00000000029f92f8]
Event: 2.076 Thread 0x0000000014eaf000  569       4       java.util.ArrayList::add (29 bytes)

GC Heap History (0 events):
No events

Deoptimization events (0 events):
No events

Internal exceptions (2 events):
Event: 0.859 Thread 0x000000000247e800 Exception <a 'java/lang/NoSuchMethodError': Method sun.misc.Unsafe.defineClass(Ljava/lang/String;[BII)Ljava/lang/Class; name or signature does not match> (0x00000000eab07cc0) thrown at [C:\re\workspace\8-2-build-windows-amd64-cygwin\jdk8u91\6644\hotspot\sríwÈÓ~ë?
Event: 0.859 Thread 0x000000000247e800 Exception <a 'java/lang/NoSuchMethodError': Method sun.misc.Unsafe.prefetchRead(Ljava/lang/Object;J)V name or signature does not match> (0x00000000eab07fa8) thrown at [C:\re\workspace\8-2-build-windows-amd64-cygwin\jdk8u91\6644\hotspot\src\share\vm\prims\j

Events (10 events):
Event: 2.056 loading class com/android/dx/dex/file/CodeItem
Event: 2.056 loading class com/android/dx/dex/file/CodeItem done
Event: 2.057 loading class java/io/PrintWriter
Event: 2.057 loading class java/io/PrintWriter done
Event: 2.057 loading class com/android/dx/dex/file/DebugInfoItem
Event: 2.057 loading class com/android/dx/dex/file/DebugInfoItem done
Event: 2.064 loading class com/android/dx/cf/code/SwitchList
Event: 2.064 loading class com/android/dx/cf/code/SwitchList done
Event: 2.068 loading class com/android/dx/cf/code/BytecodeArray$ConstantParserVisitor
Event: 2.068 loading class com/android/dx/cf/code/BytecodeArray$ConstantParserVisitor done


Dynamic libraries:
0x00007ff687420000 - 0x00007ff687457000 	C:\Program Files\Java\jdk1.8.0_91\bin\java.exe
0x00007fffcbe70000 - 0x00007fffcc031000 	C:\WINDOWS\SYSTEM32\ntdll.dll
0x00007fffc9c00000 - 0x00007fffc9cad000 	C:\WINDOWS\system32\KERNEL32.DLL
0x00007fffc8570000 - 0x00007fffc8758000 	C:\WINDOWS\system32\KERNELBASE.dll
0x00007fffcb6b0000 - 0x00007fffcb757000 	C:\WINDOWS\system32\ADVAPI32.dll
0x00007fffc9a10000 - 0x00007fffc9aad000 	C:\WINDOWS\system32\msvcrt.dll
0x00007fffc99b0000 - 0x00007fffc9a0b000 	C:\WINDOWS\system32\sechost.dll
0x00007fffcba70000 - 0x00007fffcbb8c000 	C:\WINDOWS\system32\RPCRT4.dll
0x00007fffcb910000 - 0x00007fffcba66000 	C:\WINDOWS\system32\USER32.dll
0x00007fffc9820000 - 0x00007fffc99a6000 	C:\WINDOWS\system32\GDI32.dll
0x00007fffbaed0000 - 0x00007fffbb144000 	C:\WINDOWS\WinSxS\amd64_microsoft.windows.common-controls_6595b64144ccf1df_6.0.10586.494_none_a2d8b04ea53e3145\COMCTL32.dll
0x00007fffcbb90000 - 0x00007fffcbe0d000 	C:\WINDOWS\system32\combase.dll
0x00007fffc9170000 - 0x00007fffc91da000 	C:\WINDOWS\system32\bcryptPrimitives.dll
0x00007fffc9dd0000 - 0x00007fffc9e0b000 	C:\WINDOWS\system32\IMM32.DLL
0x0000000075430000 - 0x0000000075502000 	C:\Program Files\Java\jdk1.8.0_91\jre\bin\msvcr100.dll
0x0000000075d80000 - 0x0000000076613000 	C:\Program Files\Java\jdk1.8.0_91\jre\bin\server\jvm.dll
0x00007fffcb6a0000 - 0x00007fffcb6a8000 	C:\WINDOWS\system32\PSAPI.DLL
0x00007fffb72e0000 - 0x00007fffb72e9000 	C:\WINDOWS\SYSTEM32\WSOCK32.dll
0x00007fffc9d60000 - 0x00007fffc9dcb000 	C:\WINDOWS\system32\WS2_32.dll
0x00007fffc6710000 - 0x00007fffc6733000 	C:\WINDOWS\SYSTEM32\WINMM.dll
0x00007fffbb630000 - 0x00007fffbb63a000 	C:\WINDOWS\SYSTEM32\VERSION.dll
0x00007fffc66b0000 - 0x00007fffc66dc000 	C:\WINDOWS\SYSTEM32\WINMMBASE.dll
0x00007fffc8520000 - 0x00007fffc8563000 	C:\WINDOWS\system32\cfgmgr32.dll
0x0000000076cf0000 - 0x0000000076cff000 	C:\Program Files\Java\jdk1.8.0_91\jre\bin\verify.dll
0x0000000075d50000 - 0x0000000075d79000 	C:\Program Files\Java\jdk1.8.0_91\jre\bin\java.dll
0x0000000075d30000 - 0x0000000075d46000 	C:\Program Files\Java\jdk1.8.0_91\jre\bin\zip.dll
0x00007fffca050000 - 0x00007fffcb5ac000 	C:\WINDOWS\system32\SHELL32.dll
0x00007fffc8b20000 - 0x00007fffc9165000 	C:\WINDOWS\system32\windows.storage.dll
0x00007fffc96a0000 - 0x00007fffc96f2000 	C:\WINDOWS\system32\shlwapi.dll
0x00007fffc84c0000 - 0x00007fffc84cf000 	C:\WINDOWS\system32\kernel.appcore.dll
0x00007fffc8a60000 - 0x00007fffc8b15000 	C:\WINDOWS\system32\shcore.dll
0x00007fffc84d0000 - 0x00007fffc851b000 	C:\WINDOWS\system32\powrprof.dll
0x00007fffc84a0000 - 0x00007fffc84b4000 	C:\WINDOWS\system32\profapi.dll

VM Arguments:
jvm_args: -Djava.awt.headless=true -Xmx1024M -Dfile.encoding=windows-1252 -Duser.country=US -Duser.language=en -Duser.variant 
java_command: com.android.dx.command.Main --dex --force-jumbo --num-threads=4 --multi-dex --output C:\ESD\AndroidAppProjects\ChooseANicePhoto\app\build\intermediates\transforms\dex\debug\folders\1000\10\com.android.support-support-fragment-24.2.0_ac329fd38e87920c5a3e7bb9c8e3443152b0380a C:\ESD\AndroidAppProjects\ChooseANicePhoto\app\build\intermediates\exploded-aar\com.android.support\support-fragment\24.2.0\jars\classes.jar
java_class_path (initial): C:\Users\Michael\AppData\Local\Android\sdk\build-tools\24.0.1\lib\dx.jar
Launcher Type: SUN_STANDARD

Environment Variables:
JAVA_HOME=C:\Program Files\Java\jdk1.8.0_91
PATH=C:\ProgramData\Oracle\Java\javapath;C:\Program Files\ImageMagick-6.9.3-Q16;C:\Program Files (x86)\Intel\iCLS Client\;C:\Program Files\Intel\iCLS Client\;C:\WINDOWS\system32;C:\WINDOWS;C:\WINDOWS\System32\Wbem;C:\WINDOWS\System32\WindowsPowerShell\v1.0\;C:\Program Files (x86)\Intel\Intel(R) Management Engine Components\DAL;C:\Program Files\Intel\Intel(R) Management Engine Components\DAL;C:\Program Files (x86)\Intel\Intel(R) Management Engine Components\IPT;C:\Program Files\Intel\Intel(R) Management Engine Components\IPT;C:\WINDOWS\system32\config\systemprofile\.dnx\bin;C:\Program Files\Microsoft DNX\Dnvm\;c:\Program Files\Intel\WiFi\bin\;c:\Program Files\Common Files\Intel\WirelessCommon\;C:\Program Files (x86)\Skype\Phone\;C:\Program Files (x86)\GtkSharp\2.12\bin;C:\Program Files\Java\jdk1.8.0_91\bin;C:\Program Files (x86)\Brackets\command;C:\Program Files\Git\cmd;C:\Program Files\Microsoft SQL Server\110\Tools\Binn\;C:\Program Files (x86)\Microsoft SDKs\TypeScript\1.0\;C:\Program Files\Microsoft SQL Server\120\Tools\Binn\;C:\Program Files (x86)\Microsoft SQL Server\Client SDK\ODBC\130\Tools\Binn\;C:\Program Files (x86)\Microsoft SQL Server\130\Tools\Binn\;C:\Program Files (x86)\Microsoft SQL Server\130\DTS\Binn\;C:\Program Files (x86)\Microsoft SQL Server\130\Tools\Binn\ManagementStudio\;C:\Program Files\Microsoft SQL Server\Client SDK\ODBC\130\Tools\Binn\;C:\Program Files\Microsoft SQL Server\130\Tools\Binn\;C:\Program Files\Microsoft SQL Server\130\DTS\Binn\;C:\Program Files (x86)\SSH Communications Security\SSH Secure Shell;c:\Program Files\Intel\WiFi\bin\;c:\Program Files\Common Files\Intel\WirelessCommon\;C:\Program Files (x86)\Java\jre1.8.0_91/bin
USERNAME=Michael
OS=Windows_NT
PROCESSOR_IDENTIFIER=Intel64 Family 6 Model 61 Stepping 4, GenuineIntel



---------------  S Y S T E M  ---------------

OS: Windows 10.0 , 64 bit Build 10586 (10.0.10586.0)

CPU:total 4 (2 cores per cpu, 2 threads per core) family 6 model 61 stepping 4, cmov, cx8, fxsr, mmx, sse, sse2, sse3, ssse3, sse4.1, sse4.2, popcnt, avx, avx2, aes, clmul, erms, 3dnowpref, lzcnt, ht, tsc, tscinvbit, bmi1, bmi2, adx

Memory: 4k page, physical 8293924k(1249216k free), swap 12494344k(5168k free)

vm_info: Java HotSpot(TM) 64-Bit Server VM (25.91-b14) for windows-amd64 JRE (1.8.0_91-b14), built on Apr  1 2016 00:58:32 by "java_re" with MS VC++ 10.0 (VS2010)

time: Thu Sep 08 01:10:29 2016
elapsed time: 2 seconds (0d 0h 0m 2s)

